-------------------------------------------------------------------------------
Test set: com.jinyu.aps.integration.ScheduleIntegrationTest$PerformanceTests
-------------------------------------------------------------------------------
Tests run: 2, Failures: 0, Errors: 2, Skipped: 0, Time elapsed: 5.569 s <<< FAILURE! - in com.jinyu.aps.integration.ScheduleIntegrationTest$PerformanceTests
com.jinyu.aps.integration.ScheduleIntegrationTest$PerformanceTests.testPerformance_LargeScaleSorting  Time elapsed: 0 s  <<< ERROR!
java.lang.IllegalStateException: Failed to load ApplicationContext
	at org.springframework.test.context.cache.DefaultCacheAwareContextLoaderDelegate.loadContext(DefaultCacheAwareContextLoaderDelegate.java:98)
	at org.springframework.test.context.support.DefaultTestContext.getApplicationContext(DefaultTestContext.java:124)
	at org.springframework.test.context.web.ServletTestExecutionListener.setUpRequestContextIfNecessary(ServletTestExecutionListener.java:190)
	at org.springframework.test.context.web.ServletTestExecutionListener.prepareTestInstance(ServletTestExecutionListener.java:132)
	at org.springframework.test.context.TestContextManager.prepareTestInstance(TestContextManager.java:248)
	at org.springframework.test.context.junit.jupiter.SpringExtension.postProcessTestInstance(SpringExtension.java:138)
	at org.junit.jupiter.engine.descriptor.ClassBasedTestDescriptor.lambda$invokeTestInstancePostProcessors$8(ClassBasedTestDescriptor.java:363)
	at org.junit.jupiter.engine.descriptor.ClassBasedTestDescriptor.executeAndMaskThrowable(ClassBasedTestDescriptor.java:368)
	at org.junit.jupiter.engine.descriptor.ClassBasedTestDescriptor.lambda$invokeTestInstancePostProcessors$9(ClassBasedTestDescriptor.java:363)
	at java.base/java.util.stream.ReferencePipeline$3$1.accept(ReferencePipeline.java:195)
	at java.base/java.util.stream.ReferencePipeline$2$1.accept(ReferencePipeline.java:177)
	at java.base/java.util.ArrayList$ArrayListSpliterator.forEachRemaining(ArrayList.java:1655)
	at java.base/java.util.stream.AbstractPipeline.copyInto(AbstractPipeline.java:484)
	at java.base/java.util.stream.AbstractPipeline.wrapAndCopyInto(AbstractPipeline.java:474)
	at java.base/java.util.stream.StreamSpliterators$WrappingSpliterator.forEachRemaining(StreamSpliterators.java:312)
	at java.base/java.util.stream.Streams$ConcatSpliterator.forEachRemaining(Streams.java:735)
	at java.base/java.util.stream.ReferencePipeline$Head.forEach(ReferencePipeline.java:658)
	at org.junit.jupiter.engine.descriptor.ClassBasedTestDescriptor.invokeTestInstancePostProcessors(ClassBasedTestDescriptor.java:362)
	at org.junit.jupiter.engine.descriptor.ClassBasedTestDescriptor.lambda$instantiateAndPostProcessTestInstance$6(ClassBasedTestDescriptor.java:283)
	at org.junit.platform.engine.support.hierarchical.ThrowableCollector.execute(ThrowableCollector.java:73)
	at org.junit.jupiter.engine.descriptor.ClassBasedTestDescriptor.instantiateAndPostProcessTestInstance(ClassBasedTestDescriptor.java:282)
	at org.junit.jupiter.engine.descriptor.ClassBasedTestDescriptor.lambda$testInstancesProvider$4(ClassBasedTestDescriptor.java:272)
	at java.base/java.util.Optional.orElseGet(Optional.java:369)
	at org.junit.jupiter.engine.descriptor.ClassBasedTestDescriptor.lambda$testInstancesProvider$5(ClassBasedTestDescriptor.java:271)
	at org.junit.jupiter.engine.descriptor.NestedClassTestDescriptor.instantiateTestClass(NestedClassTestDescriptor.java:85)
	at org.junit.jupiter.engine.descriptor.ClassBasedTestDescriptor.instantiateAndPostProcessTestInstance(ClassBasedTestDescriptor.java:280)
	at org.junit.jupiter.engine.descriptor.ClassBasedTestDescriptor.lambda$testInstancesProvider$4(ClassBasedTestDescriptor.java:272)
	at java.base/java.util.Optional.orElseGet(Optional.java:369)
	at org.junit.jupiter.engine.descriptor.ClassBasedTestDescriptor.lambda$testInstancesProvider$5(ClassBasedTestDescriptor.java:271)
	at org.junit.jupiter.engine.execution.TestInstancesProvider.getTestInstances(TestInstancesProvider.java:31)
	at org.junit.jupiter.engine.descriptor.TestMethodTestDescriptor.lambda$prepare$0(TestMethodTestDescriptor.java:102)
	at org.junit.platform.engine.support.hierarchical.ThrowableCollector.execute(ThrowableCollector.java:73)
	at org.junit.jupiter.engine.descriptor.TestMethodTestDescriptor.prepare(TestMethodTestDescriptor.java:101)
	at org.junit.jupiter.engine.descriptor.TestMethodTestDescriptor.prepare(TestMethodTestDescriptor.java:66)
	at org.junit.platform.engine.support.hierarchical.NodeTestTask.lambda$prepare$2(NodeTestTask.java:123)
	at org.junit.platform.engine.support.hierarchical.ThrowableCollector.execute(ThrowableCollector.java:73)
	at org.junit.platform.engine.support.hierarchical.NodeTestTask.prepare(NodeTestTask.java:123)
	at org.junit.platform.engine.support.hierarchical.NodeTestTask.execute(NodeTestTask.java:90)
	at java.base/java.util.ArrayList.forEach(ArrayList.java:1541)
	at org.junit.platform.engine.support.hierarchical.SameThreadHierarchicalTestExecutorService.invokeAll(SameThreadHierarchicalTestExecutorService.java:41)
	at org.junit.platform.engine.support.hierarchical.NodeTestTask.lambda$executeRecursively$6(NodeTestTask.java:155)
	at org.junit.platform.engine.support.hierarchical.ThrowableCollector.execute(ThrowableCollector.java:73)
	at org.junit.platform.engine.support.hierarchical.NodeTestTask.lambda$executeRecursively$8(NodeTestTask.java:141)
	at org.junit.platform.engine.support.hierarchical.Node.around(Node.java:137)
	at org.junit.platform.engine.support.hierarchical.NodeTestTask.lambda$executeRecursively$9(NodeTestTask.java:139)
	at org.junit.platform.engine.support.hierarchical.ThrowableCollector.execute(ThrowableCollector.java:73)
	at org.junit.platform.engine.support.hierarchical.NodeTestTask.executeRecursively(NodeTestTask.java:138)
	at org.junit.platform.engine.support.hierarchical.NodeTestTask.execute(NodeTestTask.java:95)
	at java.base/java.util.ArrayList.forEach(ArrayList.java:1541)
	at org.junit.platform.engine.support.hierarchical.SameThreadHierarchicalTestExecutorService.invokeAll(SameThreadHierarchicalTestExecutorService.java:41)
	at org.junit.platform.engine.support.hierarchical.NodeTestTask.lambda$executeRecursively$6(NodeTestTask.java:155)
	at org.junit.platform.engine.support.hierarchical.ThrowableCollector.execute(ThrowableCollector.java:73)
	at org.junit.platform.engine.support.hierarchical.NodeTestTask.lambda$executeRecursively$8(NodeTestTask.java:141)
	at org.junit.platform.engine.support.hierarchical.Node.around(Node.java:137)
	at org.junit.platform.engine.support.hierarchical.NodeTestTask.lambda$executeRecursively$9(NodeTestTask.java:139)
	at org.junit.platform.engine.support.hierarchical.ThrowableCollector.execute(ThrowableCollector.java:73)
	at org.junit.platform.engine.support.hierarchical.NodeTestTask.executeRecursively(NodeTestTask.java:138)
	at org.junit.platform.engine.support.hierarchical.NodeTestTask.execute(NodeTestTask.java:95)
	at java.base/java.util.ArrayList.forEach(ArrayList.java:1541)
	at org.junit.platform.engine.support.hierarchical.SameThreadHierarchicalTestExecutorService.invokeAll(SameThreadHierarchicalTestExecutorService.java:41)
	at org.junit.platform.engine.support.hierarchical.NodeTestTask.lambda$executeRecursively$6(NodeTestTask.java:155)
	at org.junit.platform.engine.support.hierarchical.ThrowableCollector.execute(ThrowableCollector.java:73)
	at org.junit.platform.engine.support.hierarchical.NodeTestTask.lambda$executeRecursively$8(NodeTestTask.java:141)
	at org.junit.platform.engine.support.hierarchical.Node.around(Node.java:137)
	at org.junit.platform.engine.support.hierarchical.NodeTestTask.lambda$executeRecursively$9(NodeTestTask.java:139)
	at org.junit.platform.engine.support.hierarchical.ThrowableCollector.execute(ThrowableCollector.java:73)
	at org.junit.platform.engine.support.hierarchical.NodeTestTask.executeRecursively(NodeTestTask.java:138)
	at org.junit.platform.engine.support.hierarchical.NodeTestTask.execute(NodeTestTask.java:95)
	at org.junit.platform.engine.support.hierarchical.SameThreadHierarchicalTestExecutorService.submit(SameThreadHierarchicalTestExecutorService.java:35)
	at org.junit.platform.engine.support.hierarchical.HierarchicalTestExecutor.execute(HierarchicalTestExecutor.java:57)
	at org.junit.platform.engine.support.hierarchical.HierarchicalTestEngine.execute(HierarchicalTestEngine.java:54)
	at org.junit.platform.launcher.core.EngineExecutionOrchestrator.execute(EngineExecutionOrchestrator.java:107)
	at org.junit.platform.launcher.core.EngineExecutionOrchestrator.execute(EngineExecutionOrchestrator.java:88)
	at org.junit.platform.launcher.core.EngineExecutionOrchestrator.lambda$execute$0(EngineExecutionOrchestrator.java:54)
	at org.junit.platform.launcher.core.EngineExecutionOrchestrator.withInterceptedStreams(EngineExecutionOrchestrator.java:67)
	at org.junit.platform.launcher.core.EngineExecutionOrchestrator.execute(EngineExecutionOrchestrator.java:52)
	at org.junit.platform.launcher.core.DefaultLauncher.execute(DefaultLauncher.java:114)
	at org.junit.platform.launcher.core.DefaultLauncher.execute(DefaultLauncher.java:86)
	at org.junit.platform.launcher.core.DefaultLauncherSession$DelegatingLauncher.execute(DefaultLauncherSession.java:86)
	at org.apache.maven.surefire.junitplatform.LazyLauncher.execute(LazyLauncher.java:50)
	at org.apache.maven.surefire.junitplatform.JUnitPlatformProvider.execute(JUnitPlatformProvider.java:184)
	at org.apache.maven.surefire.junitplatform.JUnitPlatformProvider.invokeAllTests(JUnitPlatformProvider.java:148)
	at org.apache.maven.surefire.junitplatform.JUnitPlatformProvider.invoke(JUnitPlatformProvider.java:122)
	at org.apache.maven.surefire.booter.ForkedBooter.runSuitesInProcess(ForkedBooter.java:385)
	at org.apache.maven.surefire.booter.ForkedBooter.execute(ForkedBooter.java:162)
	at org.apache.maven.surefire.booter.ForkedBooter.run(ForkedBooter.java:507)
	at org.apache.maven.surefire.booter.ForkedBooter.main(ForkedBooter.java:495)
	Suppressed: java.lang.IllegalStateException: Failed to load ApplicationContext
		at org.springframework.test.context.cache.DefaultCacheAwareContextLoaderDelegate.loadContext(DefaultCacheAwareContextLoaderDelegate.java:98)
		at org.springframework.test.context.support.DefaultTestContext.getApplicationContext(DefaultTestContext.java:124)
		at org.springframework.test.context.web.ServletTestExecutionListener.setUpRequestContextIfNecessary(ServletTestExecutionListener.java:190)
		at org.springframework.test.context.web.ServletTestExecutionListener.prepareTestInstance(ServletTestExecutionListener.java:132)
		at org.springframework.test.context.TestContextManager.prepareTestInstance(TestContextManager.java:248)
		at org.springframework.test.context.junit.jupiter.SpringExtension.postProcessTestInstance(SpringExtension.java:138)
		at org.junit.jupiter.engine.descriptor.ClassBasedTestDescriptor.lambda$invokeTestInstancePostProcessors$8(ClassBasedTestDescriptor.java:363)
		at org.junit.jupiter.engine.descriptor.ClassBasedTestDescriptor.executeAndMaskThrowable(ClassBasedTestDescriptor.java:368)
		at org.junit.jupiter.engine.descriptor.ClassBasedTestDescriptor.lambda$invokeTestInstancePostProcessors$9(ClassBasedTestDescriptor.java:363)
		at java.base/java.util.stream.ReferencePipeline$3$1.accept(ReferencePipeline.java:195)
		at java.base/java.util.stream.ReferencePipeline$2$1.accept(ReferencePipeline.java:177)
		at java.base/java.util.ArrayList$ArrayListSpliterator.forEachRemaining(ArrayList.java:1655)
		at java.base/java.util.stream.AbstractPipeline.copyInto(AbstractPipeline.java:484)
		at java.base/java.util.stream.AbstractPipeline.wrapAndCopyInto(AbstractPipeline.java:474)
		at java.base/java.util.stream.StreamSpliterators$WrappingSpliterator.forEachRemaining(StreamSpliterators.java:312)
		at java.base/java.util.stream.Streams$ConcatSpliterator.forEachRemaining(Streams.java:735)
		at java.base/java.util.stream.Streams$ConcatSpliterator.forEachRemaining(Streams.java:734)
		at java.base/java.util.stream.Streams$ConcatSpliterator.forEachRemaining(Streams.java:734)
		at java.base/java.util.stream.ReferencePipeline$Head.forEach(ReferencePipeline.java:658)
		at org.junit.jupiter.engine.descriptor.ClassBasedTestDescriptor.invokeTestInstancePostProcessors(ClassBasedTestDescriptor.java:362)
		at org.junit.jupiter.engine.descriptor.ClassBasedTestDescriptor.lambda$instantiateAndPostProcessTestInstance$6(ClassBasedTestDescriptor.java:283)
		at org.junit.platform.engine.support.hierarchical.ThrowableCollector.execute(ThrowableCollector.java:73)
		at org.junit.jupiter.engine.descriptor.ClassBasedTestDescriptor.instantiateAndPostProcessTestInstance(ClassBasedTestDescriptor.java:282)
		... 61 more
	Caused by: java.lang.IllegalStateException: Failed to execute CommandLineRunner
		at org.springframework.boot.SpringApplication.callRunner(SpringApplication.java:768)
		at org.springframework.boot.SpringApplication.lambda$callRunners$2(SpringApplication.java:749)
		at java.base/java.util.stream.ForEachOps$ForEachOp$OfRef.accept(ForEachOps.java:183)
		at java.base/java.util.stream.SortedOps$SizedRefSortingSink.end(SortedOps.java:357)
		at java.base/java.util.stream.AbstractPipeline.copyInto(AbstractPipeline.java:485)
		at java.base/java.util.stream.AbstractPipeline.wrapAndCopyInto(AbstractPipeline.java:474)
		at java.base/java.util.stream.ForEachOps$ForEachOp.evaluateSequential(ForEachOps.java:150)
		at java.base/java.util.stream.ForEachOps$ForEachOp$OfRef.evaluateSequential(ForEachOps.java:173)
		at java.base/java.util.stream.AbstractPipeline.evaluate(AbstractPipeline.java:234)
		at java.base/java.util.stream.ReferencePipeline.forEach(ReferencePipeline.java:497)
		at org.springframework.boot.SpringApplication.callRunners(SpringApplication.java:744)
		at org.springframework.boot.SpringApplication.run(SpringApplication.java:315)
		at org.springframework.boot.test.context.SpringBootContextLoader.loadContext(SpringBootContextLoader.java:136)
		at org.springframework.test.context.cache.DefaultCacheAwareContextLoaderDelegate.loadContextInternal(DefaultCacheAwareContextLoaderDelegate.java:141)
		at org.springframework.test.context.cache.DefaultCacheAwareContextLoaderDelegate.loadContext(DefaultCacheAwareContextLoaderDelegate.java:90)
		... 83 more
	Caused by: org.springframework.jdbc.BadSqlGrammarException: StatementCallback; bad SQL grammar [CREATE TABLE t_mp_month_plan_prod_final (id BIGINT PRIMARY KEY AUTO_INCREMENT COMMENT '主键ID', production_no VARCHAR(50) COMMENT '工单号', factory_code VARCHAR(50) COMMENT '工厂编码', year INT COMMENT '年份', month INT COMMENT '月份', year_month INT COMMENT '年月YYYYMM', month_plan_version VARCHAR(50) COMMENT '销售生产需求计划版本', last_month_plan_version VARCHAR(50) COMMENT '最新需求计划版本', production_version VARCHAR(50) COMMENT '排产计划版本', product_type_code VARCHAR(50) COMMENT '产品品类', material_code VARCHAR(50) COMMENT '物料编码', material_desc VARCHAR(200) COMMENT '物料描述', mes_material_code VARCHAR(50) COMMENT 'MES物料编码', structure_name VARCHAR(100) COMMENT '产品结构', pro_size VARCHAR(20) COMMENT '英寸', product_category VARCHAR(50) COMMENT '产品分类', product_status VARCHAR(20) COMMENT '产品状态', structure_type VARCHAR(20) COMMENT '结构类型', production_type VARCHAR(50) COMMENT '排产分类', embryo_code VARCHAR(50) COMMENT '生胎代码', main_material_desc VARCHAR(200) COMMENT '主物料胎胚号', construction_stage VARCHAR(20) COMMENT '施工阶段', is_zero_rack VARCHAR(10) COMMENT '是否零度材料', embryo_no VARCHAR(50) COMMENT '制造示方书号', text_no VARCHAR(50) COMMENT '文字示方书号', lh_no VARCHAR(50) COMMENT '硫化示方书号', brand VARCHAR(50) COMMENT '品牌', specifications VARCHAR(100) COMMENT '规格', main_pattern VARCHAR(100) COMMENT '主花纹', pattern VARCHAR(100) COMMENT '花纹', mould_cavity_qty INT COMMENT '型腔数量', type_block_qty INT COMMENT '活块数量', height_qty INT COMMENT '高优先级数量', average_sale_qty INT COMMENT '月均销量', inventory_sales_ratio DECIMAL(10,4) COMMENT '库销比', day_vulcanization_qty INT COMMENT '日硫化量', cx_machine_code VARCHAR(500) COMMENT '成型机台信息', mould_change_info VARCHAR(100) COMMENT '模具使用变化信息', dynamic_balance_qty VARCHAR(100) COMMENT '动平衡数量', uniformity_qty INT COMMENT '均匀性数量', curing_time INT COMMENT '单条硫化时间分钟', prod_req_plan INT COMMENT '生产需求计划净需求', trial_qty INT COMMENT '试制量试计划需求量', height_production_qty INT COMMENT '高优先级排产数量', fact_prod_req_qty INT COMMENT '实际生产需求含损耗', total_qty INT COMMENT '生产实际排产量', mid_production_qty INT COMMENT '中优先级排产数量', cycle_production_qty INT COMMENT '周期排产储备排产数量', convention_production_qty INT COMMENT '常规储备排产数量', postpone_production_qty INT COMMENT '暂缓订单排产数量', trial_production_qty INT COMMENT '试制量试排产量', difference_qty INT COMMENT '差异量未排产数量', adjust_qty1 INT COMMENT '第1周调整量', adjust_qty2 INT COMMENT '第2周调整量', adjust_qty3 INT COMMENT '第3周调整量', adjust_qty4 INT COMMENT '第4周调整量', reason VARCHAR(500) COMMENT '未排产原因', begin_day INT COMMENT '开始日期', end_day INT COMMENT '结束日期', day_1 INT COMMENT '第1天排产量', day_2 INT COMMENT '第2天排产量', day_3 INT COMMENT '第3天排产量', day_4 INT COMMENT '第4天排产量', day_5 INT COMMENT '第5天排产量', day_6 INT COMMENT '第6天排产量', day_7 INT COMMENT '第7天排产量', day_8 INT COMMENT '第8天排产量', day_9 INT COMMENT '第9天排产量', day_10 INT COMMENT '第10天排产量', day_11 INT COMMENT '第11天排产量', day_12 INT COMMENT '第12天排产量', day_13 INT COMMENT '第13天排产量', day_14 INT COMMENT '第14天排产量', day_15 INT COMMENT '第15天排产量', day_16 INT COMMENT '第16天排产量', day_17 INT COMMENT '第17天排产量', day_18 INT COMMENT '第18天排产量', day_19 INT COMMENT '第19天排产量', day_20 INT COMMENT '第20天排产量', day_21 INT COMMENT '第21天排产量', day_22 INT COMMENT '第22天排产量', day_23 INT COMMENT '第23天排产量', day_24 INT COMMENT '第24天排产量', day_25 INT COMMENT '第25天排产量', day_26 INT COMMENT '第26天排产量', day_27 INT COMMENT '第27天排产量', day_28 INT COMMENT '第28天排产量', day_29 INT COMMENT '第29天排产量', day_30 INT COMMENT '第30天排产量', day_31 INT COMMENT '第31天排产量', total_vulcanization_minutes DECIMAL(15,2) COMMENT '硫化总工时', display_seq INT COMMENT '显示顺序', is_release VARCHAR(10) COMMENT '发布状态', is_import VARCHAR(10) COMMENT '是否EXCEL导入', production_sequence BIGINT COMMENT '排产顺序', create_time TIMESTAMP DEFAULT CURRENT_TIMESTAMP COMMENT '创建时间', update_time TIMESTAMP DEFAULT CURRENT_TIMESTAMP ON UPDATE CURRENT_TIMESTAMP COMMENT '更新时间', create_by VARCHAR(50) COMMENT '创建人', update_by VARCHAR(50) COMMENT '更新人', remark VARCHAR(500) COMMENT '备注', INDEX idx_year_month (year_month), INDEX idx_material_code (material_code), INDEX idx_production_no (production_no)) COMMENT='月度生产计划定稿表']; nested exception is org.h2.jdbc.JdbcSQLSyntaxErrorException: Syntax error in SQL statement "CREATE TABLE t_mp_month_plan_prod_final (id BIGINT PRIMARY KEY AUTO_INCREMENT COMMENT '主键ID', production_no VARCHAR(50) COMMENT '工单号', factory_code VARCHAR(50) COMMENT '工厂编码', [*]year INT COMMENT '年份', month INT COMMENT '月份', year_month INT COMMENT '年月YYYYMM', month_plan_version VARCHAR(50) COMMENT '销售生产需求计划版本', last_month_plan_version VARCHAR(50) COMMENT '最新需求计划版本', production_version VARCHAR(50) COMMENT '排产计划版本', product_type_code VARCHAR(50) COMMENT '产品品类', material_code VARCHAR(50) COMMENT '物料编码', material_desc VARCHAR(200) COMMENT '物料描述', mes_material_code VARCHAR(50) COMMENT 'MES物料编码', structure_name VARCHAR(100) COMMENT '产品结构', pro_size VARCHAR(20) COMMENT '英寸', product_category VARCHAR(50) COMMENT '产品分类', product_status VARCHAR(20) COMMENT '产品状态', structure_type VARCHAR(20) COMMENT '结构类型', production_type VARCHAR(50) COMMENT '排产分类', embryo_code VARCHAR(50) COMMENT '生胎代码', main_material_desc VARCHAR(200) COMMENT '主物料胎胚号', construction_stage VARCHAR(20) COMMENT '施工阶段', is_zero_rack VARCHAR(10) COMMENT '是否零度材料', embryo_no VARCHAR(50) COMMENT '制造示方书号', text_no VARCHAR(50) COMMENT '文字示方书号', lh_no VARCHAR(50) COMMENT '硫化示方书号', brand VARCHAR(50) COMMENT '品牌', specifications VARCHAR(100) COMMENT '规格', main_pattern VARCHAR(100) COMMENT '主花纹', pattern VARCHAR(100) COMMENT '花纹', mould_cavity_qty INT COMMENT '型腔数量', type_block_qty INT COMMENT '活块数量', height_qty INT COMMENT '高优先级数量', average_sale_qty INT COMMENT '月均销量', inventory_sales_ratio DECIMAL(10,4) COMMENT '库销比', day_vulcanization_qty INT COMMENT '日硫化量', cx_machine_code VARCHAR(500) COMMENT '成型机台信息', mould_change_info VARCHAR(100) COMMENT '模具使用变化信息', dynamic_balance_qty VARCHAR(100) COMMENT '动平衡数量', uniformity_qty INT COMMENT '均匀性数量', curing_time INT COMMENT '单条硫化时间分钟', prod_req_plan INT COMMENT '生产需求计划净需求', trial_qty INT COMMENT '试制量试计划需求量', height_production_qty INT COMMENT '高优先级排产数量', fact_prod_req_qty INT COMMENT '实际生产需求含损耗', total_qty INT COMMENT '生产实际排产量', mid_production_qty INT COMMENT '中优先级排产数量', cycle_production_qty INT COMMENT '周期排产储备排产数量', convention_production_qty INT COMMENT '常规储备排产数量', postpone_production_qty INT COMMENT '暂缓订单排产数量', trial_production_qty INT COMMENT '试制量试排产量', difference_qty INT COMMENT '差异量未排产数量', adjust_qty1 INT COMMENT '第1周调整量', adjust_qty2 INT COMMENT '第2周调整量', adjust_qty3 INT COMMENT '第3周调整量', adjust_qty4 INT COMMENT '第4周调整量', reason VARCHAR(500) COMMENT '未排产原因', begin_day INT COMMENT '开始日期', end_day INT COMMENT '结束日期', day_1 INT COMMENT '第1天排产量', day_2 INT COMMENT '第2天排产量', day_3 INT COMMENT '第3天排产量', day_4 INT COMMENT '第4天排产量', day_5 INT COMMENT '第5天排产量', day_6 INT COMMENT '第6天排产量', day_7 INT COMMENT '第7天排产量', day_8 INT COMMENT '第8天排产量', day_9 INT COMMENT '第9天排产量', day_10 INT COMMENT '第10天排产量', day_11 INT COMMENT '第11天排产量', day_12 INT COMMENT '第12天排产量', day_13 INT COMMENT '第13天排产量', day_14 INT COMMENT '第14天排产量', day_15 INT COMMENT '第15天排产量', day_16 INT COMMENT '第16天排产量', day_17 INT COMMENT '第17天排产量', day_18 INT COMMENT '第18天排产量', day_19 INT COMMENT '第19天排产量', day_20 INT COMMENT '第20天排产量', day_21 INT COMMENT '第21天排产量', day_22 INT COMMENT '第22天排产量', day_23 INT COMMENT '第23天排产量', day_24 INT COMMENT '第24天排产量', day_25 INT COMMENT '第25天排产量', day_26 INT COMMENT '第26天排产量', day_27 INT COMMENT '第27天排产量', day_28 INT COMMENT '第28天排产量', day_29 INT COMMENT '第29天排产量', day_30 INT COMMENT '第30天排产量', day_31 INT COMMENT '第31天排产量', total_vulcanization_minutes DECIMAL(15,2) COMMENT '硫化总工时', display_seq INT COMMENT '显示顺序', is_release VARCHAR(10) COMMENT '发布状态', is_import VARCHAR(10) COMMENT '是否EXCEL导入', production_sequence BIGINT COMMENT '排产顺序', create_time TIMESTAMP DEFAULT CURRENT_TIMESTAMP COMMENT '创建时间', update_time TIMESTAMP DEFAULT CURRENT_TIMESTAMP ON UPDATE CURRENT_TIMESTAMP COMMENT '更新时间', create_by VARCHAR(50) COMMENT '创建人', update_by VARCHAR(50) COMMENT '更新人', remark VARCHAR(500) COMMENT '备注', INDEX idx_year_month (year_month), INDEX idx_material_code (material_code), INDEX idx_production_no (production_no)) COMMENT='月度生产计划定稿表'"; expected "identifier"; SQL statement:
CREATE TABLE t_mp_month_plan_prod_final (id BIGINT PRIMARY KEY AUTO_INCREMENT COMMENT '主键ID', production_no VARCHAR(50) COMMENT '工单号', factory_code VARCHAR(50) COMMENT '工厂编码', year INT COMMENT '年份', month INT COMMENT '月份', year_month INT COMMENT '年月YYYYMM', month_plan_version VARCHAR(50) COMMENT '销售生产需求计划版本', last_month_plan_version VARCHAR(50) COMMENT '最新需求计划版本', production_version VARCHAR(50) COMMENT '排产计划版本', product_type_code VARCHAR(50) COMMENT '产品品类', material_code VARCHAR(50) COMMENT '物料编码', material_desc VARCHAR(200) COMMENT '物料描述', mes_material_code VARCHAR(50) COMMENT 'MES物料编码', structure_name VARCHAR(100) COMMENT '产品结构', pro_size VARCHAR(20) COMMENT '英寸', product_category VARCHAR(50) COMMENT '产品分类', product_status VARCHAR(20) COMMENT '产品状态', structure_type VARCHAR(20) COMMENT '结构类型', production_type VARCHAR(50) COMMENT '排产分类', embryo_code VARCHAR(50) COMMENT '生胎代码', main_material_desc VARCHAR(200) COMMENT '主物料胎胚号', construction_stage VARCHAR(20) COMMENT '施工阶段', is_zero_rack VARCHAR(10) COMMENT '是否零度材料', embryo_no VARCHAR(50) COMMENT '制造示方书号', text_no VARCHAR(50) COMMENT '文字示方书号', lh_no VARCHAR(50) COMMENT '硫化示方书号', brand VARCHAR(50) COMMENT '品牌', specifications VARCHAR(100) COMMENT '规格', main_pattern VARCHAR(100) COMMENT '主花纹', pattern VARCHAR(100) COMMENT '花纹', mould_cavity_qty INT COMMENT '型腔数量', type_block_qty INT COMMENT '活块数量', height_qty INT COMMENT '高优先级数量', average_sale_qty INT COMMENT '月均销量', inventory_sales_ratio DECIMAL(10,4) COMMENT '库销比', day_vulcanization_qty INT COMMENT '日硫化量', cx_machine_code VARCHAR(500) COMMENT '成型机台信息', mould_change_info VARCHAR(100) COMMENT '模具使用变化信息', dynamic_balance_qty VARCHAR(100) COMMENT '动平衡数量', uniformity_qty INT COMMENT '均匀性数量', curing_time INT COMMENT '单条硫化时间分钟', prod_req_plan INT COMMENT '生产需求计划净需求', trial_qty INT COMMENT '试制量试计划需求量', height_production_qty INT COMMENT '高优先级排产数量', fact_prod_req_qty INT COMMENT '实际生产需求含损耗', total_qty INT COMMENT '生产实际排产量', mid_production_qty INT COMMENT '中优先级排产数量', cycle_production_qty INT COMMENT '周期排产储备排产数量', convention_production_qty INT COMMENT '常规储备排产数量', postpone_production_qty INT COMMENT '暂缓订单排产数量', trial_production_qty INT COMMENT '试制量试排产量', difference_qty INT COMMENT '差异量未排产数量', adjust_qty1 INT COMMENT '第1周调整量', adjust_qty2 INT COMMENT '第2周调整量', adjust_qty3 INT COMMENT '第3周调整量', adjust_qty4 INT COMMENT '第4周调整量', reason VARCHAR(500) COMMENT '未排产原因', begin_day INT COMMENT '开始日期', end_day INT COMMENT '结束日期', day_1 INT COMMENT '第1天排产量', day_2 INT COMMENT '第2天排产量', day_3 INT COMMENT '第3天排产量', day_4 INT COMMENT '第4天排产量', day_5 INT COMMENT '第5天排产量', day_6 INT COMMENT '第6天排产量', day_7 INT COMMENT '第7天排产量', day_8 INT COMMENT '第8天排产量', day_9 INT COMMENT '第9天排产量', day_10 INT COMMENT '第10天排产量', day_11 INT COMMENT '第11天排产量', day_12 INT COMMENT '第12天排产量', day_13 INT COMMENT '第13天排产量', day_14 INT COMMENT '第14天排产量', day_15 INT COMMENT '第15天排产量', day_16 INT COMMENT '第16天排产量', day_17 INT COMMENT '第17天排产量', day_18 INT COMMENT '第18天排产量', day_19 INT COMMENT '第19天排产量', day_20 INT COMMENT '第20天排产量', day_21 INT COMMENT '第21天排产量', day_22 INT COMMENT '第22天排产量', day_23 INT COMMENT '第23天排产量', day_24 INT COMMENT '第24天排产量', day_25 INT COMMENT '第25天排产量', day_26 INT COMMENT '第26天排产量', day_27 INT COMMENT '第27天排产量', day_28 INT COMMENT '第28天排产量', day_29 INT COMMENT '第29天排产量', day_30 INT COMMENT '第30天排产量', day_31 INT COMMENT '第31天排产量', total_vulcanization_minutes DECIMAL(15,2) COMMENT '硫化总工时', display_seq INT COMMENT '显示顺序', is_release VARCHAR(10) COMMENT '发布状态', is_import VARCHAR(10) COMMENT '是否EXCEL导入', production_sequence BIGINT COMMENT '排产顺序', create_time TIMESTAMP DEFAULT CURRENT_TIMESTAMP COMMENT '创建时间', update_time TIMESTAMP DEFAULT CURRENT_TIMESTAMP ON UPDATE CURRENT_TIMESTAMP COMMENT '更新时间', create_by VARCHAR(50) COMMENT '创建人', update_by VARCHAR(50) COMMENT '更新人', remark VARCHAR(500) COMMENT '备注', INDEX idx_year_month (year_month), INDEX idx_material_code (material_code), INDEX idx_production_no (production_no)) COMMENT='月度生产计划定稿表' [42001-214]
		at org.springframework.jdbc.support.SQLErrorCodeSQLExceptionTranslator.doTranslate(SQLErrorCodeSQLExceptionTranslator.java:236)
		at org.springframework.jdbc.support.AbstractFallbackSQLExceptionTranslator.translate(AbstractFallbackSQLExceptionTranslator.java:73)
		at org.springframework.jdbc.core.JdbcTemplate.translateException(JdbcTemplate.java:1577)
		at org.springframework.jdbc.core.JdbcTemplate.execute(JdbcTemplate.java:398)
		at org.springframework.jdbc.core.JdbcTemplate.execute(JdbcTemplate.java:436)
		at com.jinyu.aps.config.DatabaseInitializer.createMonthPlanFinalTable(DatabaseInitializer.java:323)
		at com.jinyu.aps.config.DatabaseInitializer.run(DatabaseInitializer.java:46)
		at org.springframework.boot.SpringApplication.callRunner(SpringApplication.java:765)
		... 97 more
	Caused by: org.h2.jdbc.JdbcSQLSyntaxErrorException: Syntax error in SQL statement "CREATE TABLE t_mp_month_plan_prod_final (id BIGINT PRIMARY KEY AUTO_INCREMENT COMMENT '主键ID', production_no VARCHAR(50) COMMENT '工单号', factory_code VARCHAR(50) COMMENT '工厂编码', [*]year INT COMMENT '年份', month INT COMMENT '月份', year_month INT COMMENT '年月YYYYMM', month_plan_version VARCHAR(50) COMMENT '销售生产需求计划版本', last_month_plan_version VARCHAR(50) COMMENT '最新需求计划版本', production_version VARCHAR(50) COMMENT '排产计划版本', product_type_code VARCHAR(50) COMMENT '产品品类', material_code VARCHAR(50) COMMENT '物料编码', material_desc VARCHAR(200) COMMENT '物料描述', mes_material_code VARCHAR(50) COMMENT 'MES物料编码', structure_name VARCHAR(100) COMMENT '产品结构', pro_size VARCHAR(20) COMMENT '英寸', product_category VARCHAR(50) COMMENT '产品分类', product_status VARCHAR(20) COMMENT '产品状态', structure_type VARCHAR(20) COMMENT '结构类型', production_type VARCHAR(50) COMMENT '排产分类', embryo_code VARCHAR(50) COMMENT '生胎代码', main_material_desc VARCHAR(200) COMMENT '主物料胎胚号', construction_stage VARCHAR(20) COMMENT '施工阶段', is_zero_rack VARCHAR(10) COMMENT '是否零度材料', embryo_no VARCHAR(50) COMMENT '制造示方书号', text_no VARCHAR(50) COMMENT '文字示方书号', lh_no VARCHAR(50) COMMENT '硫化示方书号', brand VARCHAR(50) COMMENT '品牌', specifications VARCHAR(100) COMMENT '规格', main_pattern VARCHAR(100) COMMENT '主花纹', pattern VARCHAR(100) COMMENT '花纹', mould_cavity_qty INT COMMENT '型腔数量', type_block_qty INT COMMENT '活块数量', height_qty INT COMMENT '高优先级数量', average_sale_qty INT COMMENT '月均销量', inventory_sales_ratio DECIMAL(10,4) COMMENT '库销比', day_vulcanization_qty INT COMMENT '日硫化量', cx_machine_code VARCHAR(500) COMMENT '成型机台信息', mould_change_info VARCHAR(100) COMMENT '模具使用变化信息', dynamic_balance_qty VARCHAR(100) COMMENT '动平衡数量', uniformity_qty INT COMMENT '均匀性数量', curing_time INT COMMENT '单条硫化时间分钟', prod_req_plan INT COMMENT '生产需求计划净需求', trial_qty INT COMMENT '试制量试计划需求量', height_production_qty INT COMMENT '高优先级排产数量', fact_prod_req_qty INT COMMENT '实际生产需求含损耗', total_qty INT COMMENT '生产实际排产量', mid_production_qty INT COMMENT '中优先级排产数量', cycle_production_qty INT COMMENT '周期排产储备排产数量', convention_production_qty INT COMMENT '常规储备排产数量', postpone_production_qty INT COMMENT '暂缓订单排产数量', trial_production_qty INT COMMENT '试制量试排产量', difference_qty INT COMMENT '差异量未排产数量', adjust_qty1 INT COMMENT '第1周调整量', adjust_qty2 INT COMMENT '第2周调整量', adjust_qty3 INT COMMENT '第3周调整量', adjust_qty4 INT COMMENT '第4周调整量', reason VARCHAR(500) COMMENT '未排产原因', begin_day INT COMMENT '开始日期', end_day INT COMMENT '结束日期', day_1 INT COMMENT '第1天排产量', day_2 INT COMMENT '第2天排产量', day_3 INT COMMENT '第3天排产量', day_4 INT COMMENT '第4天排产量', day_5 INT COMMENT '第5天排产量', day_6 INT COMMENT '第6天排产量', day_7 INT COMMENT '第7天排产量', day_8 INT COMMENT '第8天排产量', day_9 INT COMMENT '第9天排产量', day_10 INT COMMENT '第10天排产量', day_11 INT COMMENT '第11天排产量', day_12 INT COMMENT '第12天排产量', day_13 INT COMMENT '第13天排产量', day_14 INT COMMENT '第14天排产量', day_15 INT COMMENT '第15天排产量', day_16 INT COMMENT '第16天排产量', day_17 INT COMMENT '第17天排产量', day_18 INT COMMENT '第18天排产量', day_19 INT COMMENT '第19天排产量', day_20 INT COMMENT '第20天排产量', day_21 INT COMMENT '第21天排产量', day_22 INT COMMENT '第22天排产量', day_23 INT COMMENT '第23天排产量', day_24 INT COMMENT '第24天排产量', day_25 INT COMMENT '第25天排产量', day_26 INT COMMENT '第26天排产量', day_27 INT COMMENT '第27天排产量', day_28 INT COMMENT '第28天排产量', day_29 INT COMMENT '第29天排产量', day_30 INT COMMENT '第30天排产量', day_31 INT COMMENT '第31天排产量', total_vulcanization_minutes DECIMAL(15,2) COMMENT '硫化总工时', display_seq INT COMMENT '显示顺序', is_release VARCHAR(10) COMMENT '发布状态', is_import VARCHAR(10) COMMENT '是否EXCEL导入', production_sequence BIGINT COMMENT '排产顺序', create_time TIMESTAMP DEFAULT CURRENT_TIMESTAMP COMMENT '创建时间', update_time TIMESTAMP DEFAULT CURRENT_TIMESTAMP ON UPDATE CURRENT_TIMESTAMP COMMENT '更新时间', create_by VARCHAR(50) COMMENT '创建人', update_by VARCHAR(50) COMMENT '更新人', remark VARCHAR(500) COMMENT '备注', INDEX idx_year_month (year_month), INDEX idx_material_code (material_code), INDEX idx_production_no (production_no)) COMMENT='月度生产计划定稿表'"; expected "identifier"; SQL statement:
CREATE TABLE t_mp_month_plan_prod_final (id BIGINT PRIMARY KEY AUTO_INCREMENT COMMENT '主键ID', production_no VARCHAR(50) COMMENT '工单号', factory_code VARCHAR(50) COMMENT '工厂编码', year INT COMMENT '年份', month INT COMMENT '月份', year_month INT COMMENT '年月YYYYMM', month_plan_version VARCHAR(50) COMMENT '销售生产需求计划版本', last_month_plan_version VARCHAR(50) COMMENT '最新需求计划版本', production_version VARCHAR(50) COMMENT '排产计划版本', product_type_code VARCHAR(50) COMMENT '产品品类', material_code VARCHAR(50) COMMENT '物料编码', material_desc VARCHAR(200) COMMENT '物料描述', mes_material_code VARCHAR(50) COMMENT 'MES物料编码', structure_name VARCHAR(100) COMMENT '产品结构', pro_size VARCHAR(20) COMMENT '英寸', product_category VARCHAR(50) COMMENT '产品分类', product_status VARCHAR(20) COMMENT '产品状态', structure_type VARCHAR(20) COMMENT '结构类型', production_type VARCHAR(50) COMMENT '排产分类', embryo_code VARCHAR(50) COMMENT '生胎代码', main_material_desc VARCHAR(200) COMMENT '主物料胎胚号', construction_stage VARCHAR(20) COMMENT '施工阶段', is_zero_rack VARCHAR(10) COMMENT '是否零度材料', embryo_no VARCHAR(50) COMMENT '制造示方书号', text_no VARCHAR(50) COMMENT '文字示方书号', lh_no VARCHAR(50) COMMENT '硫化示方书号', brand VARCHAR(50) COMMENT '品牌', specifications VARCHAR(100) COMMENT '规格', main_pattern VARCHAR(100) COMMENT '主花纹', pattern VARCHAR(100) COMMENT '花纹', mould_cavity_qty INT COMMENT '型腔数量', type_block_qty INT COMMENT '活块数量', height_qty INT COMMENT '高优先级数量', average_sale_qty INT COMMENT '月均销量', inventory_sales_ratio DECIMAL(10,4) COMMENT '库销比', day_vulcanization_qty INT COMMENT '日硫化量', cx_machine_code VARCHAR(500) COMMENT '成型机台信息', mould_change_info VARCHAR(100) COMMENT '模具使用变化信息', dynamic_balance_qty VARCHAR(100) COMMENT '动平衡数量', uniformity_qty INT COMMENT '均匀性数量', curing_time INT COMMENT '单条硫化时间分钟', prod_req_plan INT COMMENT '生产需求计划净需求', trial_qty INT COMMENT '试制量试计划需求量', height_production_qty INT COMMENT '高优先级排产数量', fact_prod_req_qty INT COMMENT '实际生产需求含损耗', total_qty INT COMMENT '生产实际排产量', mid_production_qty INT COMMENT '中优先级排产数量', cycle_production_qty INT COMMENT '周期排产储备排产数量', convention_production_qty INT COMMENT '常规储备排产数量', postpone_production_qty INT COMMENT '暂缓订单排产数量', trial_production_qty INT COMMENT '试制量试排产量', difference_qty INT COMMENT '差异量未排产数量', adjust_qty1 INT COMMENT '第1周调整量', adjust_qty2 INT COMMENT '第2周调整量', adjust_qty3 INT COMMENT '第3周调整量', adjust_qty4 INT COMMENT '第4周调整量', reason VARCHAR(500) COMMENT '未排产原因', begin_day INT COMMENT '开始日期', end_day INT COMMENT '结束日期', day_1 INT COMMENT '第1天排产量', day_2 INT COMMENT '第2天排产量', day_3 INT COMMENT '第3天排产量', day_4 INT COMMENT '第4天排产量', day_5 INT COMMENT '第5天排产量', day_6 INT COMMENT '第6天排产量', day_7 INT COMMENT '第7天排产量', day_8 INT COMMENT '第8天排产量', day_9 INT COMMENT '第9天排产量', day_10 INT COMMENT '第10天排产量', day_11 INT COMMENT '第11天排产量', day_12 INT COMMENT '第12天排产量', day_13 INT COMMENT '第13天排产量', day_14 INT COMMENT '第14天排产量', day_15 INT COMMENT '第15天排产量', day_16 INT COMMENT '第16天排产量', day_17 INT COMMENT '第17天排产量', day_18 INT COMMENT '第18天排产量', day_19 INT COMMENT '第19天排产量', day_20 INT COMMENT '第20天排产量', day_21 INT COMMENT '第21天排产量', day_22 INT COMMENT '第22天排产量', day_23 INT COMMENT '第23天排产量', day_24 INT COMMENT '第24天排产量', day_25 INT COMMENT '第25天排产量', day_26 INT COMMENT '第26天排产量', day_27 INT COMMENT '第27天排产量', day_28 INT COMMENT '第28天排产量', day_29 INT COMMENT '第29天排产量', day_30 INT COMMENT '第30天排产量', day_31 INT COMMENT '第31天排产量', total_vulcanization_minutes DECIMAL(15,2) COMMENT '硫化总工时', display_seq INT COMMENT '显示顺序', is_release VARCHAR(10) COMMENT '发布状态', is_import VARCHAR(10) COMMENT '是否EXCEL导入', production_sequence BIGINT COMMENT '排产顺序', create_time TIMESTAMP DEFAULT CURRENT_TIMESTAMP COMMENT '创建时间', update_time TIMESTAMP DEFAULT CURRENT_TIMESTAMP ON UPDATE CURRENT_TIMESTAMP COMMENT '更新时间', create_by VARCHAR(50) COMMENT '创建人', update_by VARCHAR(50) COMMENT '更新人', remark VARCHAR(500) COMMENT '备注', INDEX idx_year_month (year_month), INDEX idx_material_code (material_code), INDEX idx_production_no (production_no)) COMMENT='月度生产计划定稿表' [42001-214]
		at org.h2.message.DbException.getJdbcSQLException(DbException.java:502)
		at org.h2.message.DbException.getJdbcSQLException(DbException.java:477)
		at org.h2.message.DbException.getSyntaxError(DbException.java:261)
		at org.h2.command.Parser.readIdentifier(Parser.java:5656)
		at org.h2.command.Parser.parseTableColumnDefinition(Parser.java:9326)
		at org.h2.command.Parser.parseCreateTable(Parser.java:9271)
		at org.h2.command.Parser.parseCreate(Parser.java:6784)
		at org.h2.command.Parser.parsePrepared(Parser.java:763)
		at org.h2.command.Parser.parse(Parser.java:689)
		at org.h2.command.Parser.parse(Parser.java:661)
		at org.h2.command.Parser.prepareCommand(Parser.java:569)
		at org.h2.engine.SessionLocal.prepareLocal(SessionLocal.java:631)
		at org.h2.engine.SessionLocal.prepareCommand(SessionLocal.java:554)
		at org.h2.jdbc.JdbcConnection.prepareCommand(JdbcConnection.java:1116)
		at org.h2.jdbc.JdbcStatement.executeInternal(JdbcStatement.java:237)
		at org.h2.jdbc.JdbcStatement.execute(JdbcStatement.java:223)
		at com.zaxxer.hikari.pool.ProxyStatement.execute(ProxyStatement.java:94)
		at com.zaxxer.hikari.pool.HikariProxyStatement.execute(HikariProxyStatement.java)
		at org.springframework.jdbc.core.JdbcTemplate$1ExecuteStatementCallback.doInStatement(JdbcTemplate.java:427)
		at org.springframework.jdbc.core.JdbcTemplate.execute(JdbcTemplate.java:383)
		... 101 more
Caused by: java.lang.IllegalStateException: Failed to execute CommandLineRunner
	at org.springframework.boot.SpringApplication.callRunner(SpringApplication.java:768)
	at org.springframework.boot.SpringApplication.lambda$callRunners$2(SpringApplication.java:749)
	at java.base/java.util.stream.ForEachOps$ForEachOp$OfRef.accept(ForEachOps.java:183)
	at java.base/java.util.stream.SortedOps$SizedRefSortingSink.end(SortedOps.java:357)
	at java.base/java.util.stream.AbstractPipeline.copyInto(AbstractPipeline.java:485)
	at java.base/java.util.stream.AbstractPipeline.wrapAndCopyInto(AbstractPipeline.java:474)
	at java.base/java.util.stream.ForEachOps$ForEachOp.evaluateSequential(ForEachOps.java:150)
	at java.base/java.util.stream.ForEachOps$ForEachOp$OfRef.evaluateSequential(ForEachOps.java:173)
	at java.base/java.util.stream.AbstractPipeline.evaluate(AbstractPipeline.java:234)
	at java.base/java.util.stream.ReferencePipeline.forEach(ReferencePipeline.java:497)
	at org.springframework.boot.SpringApplication.callRunners(SpringApplication.java:744)
	at org.springframework.boot.SpringApplication.run(SpringApplication.java:315)
	at org.springframework.boot.test.context.SpringBootContextLoader.loadContext(SpringBootContextLoader.java:136)
	at org.springframework.test.context.cache.DefaultCacheAwareContextLoaderDelegate.loadContextInternal(DefaultCacheAwareContextLoaderDelegate.java:141)
	at org.springframework.test.context.cache.DefaultCacheAwareContextLoaderDelegate.loadContext(DefaultCacheAwareContextLoaderDelegate.java:90)
	... 86 more
Caused by: org.springframework.jdbc.BadSqlGrammarException: StatementCallback; bad SQL grammar [CREATE TABLE t_mp_month_plan_prod_final (id BIGINT PRIMARY KEY AUTO_INCREMENT COMMENT '主键ID', production_no VARCHAR(50) COMMENT '工单号', factory_code VARCHAR(50) COMMENT '工厂编码', year INT COMMENT '年份', month INT COMMENT '月份', year_month INT COMMENT '年月YYYYMM', month_plan_version VARCHAR(50) COMMENT '销售生产需求计划版本', last_month_plan_version VARCHAR(50) COMMENT '最新需求计划版本', production_version VARCHAR(50) COMMENT '排产计划版本', product_type_code VARCHAR(50) COMMENT '产品品类', material_code VARCHAR(50) COMMENT '物料编码', material_desc VARCHAR(200) COMMENT '物料描述', mes_material_code VARCHAR(50) COMMENT 'MES物料编码', structure_name VARCHAR(100) COMMENT '产品结构', pro_size VARCHAR(20) COMMENT '英寸', product_category VARCHAR(50) COMMENT '产品分类', product_status VARCHAR(20) COMMENT '产品状态', structure_type VARCHAR(20) COMMENT '结构类型', production_type VARCHAR(50) COMMENT '排产分类', embryo_code VARCHAR(50) COMMENT '生胎代码', main_material_desc VARCHAR(200) COMMENT '主物料胎胚号', construction_stage VARCHAR(20) COMMENT '施工阶段', is_zero_rack VARCHAR(10) COMMENT '是否零度材料', embryo_no VARCHAR(50) COMMENT '制造示方书号', text_no VARCHAR(50) COMMENT '文字示方书号', lh_no VARCHAR(50) COMMENT '硫化示方书号', brand VARCHAR(50) COMMENT '品牌', specifications VARCHAR(100) COMMENT '规格', main_pattern VARCHAR(100) COMMENT '主花纹', pattern VARCHAR(100) COMMENT '花纹', mould_cavity_qty INT COMMENT '型腔数量', type_block_qty INT COMMENT '活块数量', height_qty INT COMMENT '高优先级数量', average_sale_qty INT COMMENT '月均销量', inventory_sales_ratio DECIMAL(10,4) COMMENT '库销比', day_vulcanization_qty INT COMMENT '日硫化量', cx_machine_code VARCHAR(500) COMMENT '成型机台信息', mould_change_info VARCHAR(100) COMMENT '模具使用变化信息', dynamic_balance_qty VARCHAR(100) COMMENT '动平衡数量', uniformity_qty INT COMMENT '均匀性数量', curing_time INT COMMENT '单条硫化时间分钟', prod_req_plan INT COMMENT '生产需求计划净需求', trial_qty INT COMMENT '试制量试计划需求量', height_production_qty INT COMMENT '高优先级排产数量', fact_prod_req_qty INT COMMENT '实际生产需求含损耗', total_qty INT COMMENT '生产实际排产量', mid_production_qty INT COMMENT '中优先级排产数量', cycle_production_qty INT COMMENT '周期排产储备排产数量', convention_production_qty INT COMMENT '常规储备排产数量', postpone_production_qty INT COMMENT '暂缓订单排产数量', trial_production_qty INT COMMENT '试制量试排产量', difference_qty INT COMMENT '差异量未排产数量', adjust_qty1 INT COMMENT '第1周调整量', adjust_qty2 INT COMMENT '第2周调整量', adjust_qty3 INT COMMENT '第3周调整量', adjust_qty4 INT COMMENT '第4周调整量', reason VARCHAR(500) COMMENT '未排产原因', begin_day INT COMMENT '开始日期', end_day INT COMMENT '结束日期', day_1 INT COMMENT '第1天排产量', day_2 INT COMMENT '第2天排产量', day_3 INT COMMENT '第3天排产量', day_4 INT COMMENT '第4天排产量', day_5 INT COMMENT '第5天排产量', day_6 INT COMMENT '第6天排产量', day_7 INT COMMENT '第7天排产量', day_8 INT COMMENT '第8天排产量', day_9 INT COMMENT '第9天排产量', day_10 INT COMMENT '第10天排产量', day_11 INT COMMENT '第11天排产量', day_12 INT COMMENT '第12天排产量', day_13 INT COMMENT '第13天排产量', day_14 INT COMMENT '第14天排产量', day_15 INT COMMENT '第15天排产量', day_16 INT COMMENT '第16天排产量', day_17 INT COMMENT '第17天排产量', day_18 INT COMMENT '第18天排产量', day_19 INT COMMENT '第19天排产量', day_20 INT COMMENT '第20天排产量', day_21 INT COMMENT '第21天排产量', day_22 INT COMMENT '第22天排产量', day_23 INT COMMENT '第23天排产量', day_24 INT COMMENT '第24天排产量', day_25 INT COMMENT '第25天排产量', day_26 INT COMMENT '第26天排产量', day_27 INT COMMENT '第27天排产量', day_28 INT COMMENT '第28天排产量', day_29 INT COMMENT '第29天排产量', day_30 INT COMMENT '第30天排产量', day_31 INT COMMENT '第31天排产量', total_vulcanization_minutes DECIMAL(15,2) COMMENT '硫化总工时', display_seq INT COMMENT '显示顺序', is_release VARCHAR(10) COMMENT '发布状态', is_import VARCHAR(10) COMMENT '是否EXCEL导入', production_sequence BIGINT COMMENT '排产顺序', create_time TIMESTAMP DEFAULT CURRENT_TIMESTAMP COMMENT '创建时间', update_time TIMESTAMP DEFAULT CURRENT_TIMESTAMP ON UPDATE CURRENT_TIMESTAMP COMMENT '更新时间', create_by VARCHAR(50) COMMENT '创建人', update_by VARCHAR(50) COMMENT '更新人', remark VARCHAR(500) COMMENT '备注', INDEX idx_year_month (year_month), INDEX idx_material_code (material_code), INDEX idx_production_no (production_no)) COMMENT='月度生产计划定稿表']; nested exception is org.h2.jdbc.JdbcSQLSyntaxErrorException: Syntax error in SQL statement "CREATE TABLE t_mp_month_plan_prod_final (id BIGINT PRIMARY KEY AUTO_INCREMENT COMMENT '主键ID', production_no VARCHAR(50) COMMENT '工单号', factory_code VARCHAR(50) COMMENT '工厂编码', [*]year INT COMMENT '年份', month INT COMMENT '月份', year_month INT COMMENT '年月YYYYMM', month_plan_version VARCHAR(50) COMMENT '销售生产需求计划版本', last_month_plan_version VARCHAR(50) COMMENT '最新需求计划版本', production_version VARCHAR(50) COMMENT '排产计划版本', product_type_code VARCHAR(50) COMMENT '产品品类', material_code VARCHAR(50) COMMENT '物料编码', material_desc VARCHAR(200) COMMENT '物料描述', mes_material_code VARCHAR(50) COMMENT 'MES物料编码', structure_name VARCHAR(100) COMMENT '产品结构', pro_size VARCHAR(20) COMMENT '英寸', product_category VARCHAR(50) COMMENT '产品分类', product_status VARCHAR(20) COMMENT '产品状态', structure_type VARCHAR(20) COMMENT '结构类型', production_type VARCHAR(50) COMMENT '排产分类', embryo_code VARCHAR(50) COMMENT '生胎代码', main_material_desc VARCHAR(200) COMMENT '主物料胎胚号', construction_stage VARCHAR(20) COMMENT '施工阶段', is_zero_rack VARCHAR(10) COMMENT '是否零度材料', embryo_no VARCHAR(50) COMMENT '制造示方书号', text_no VARCHAR(50) COMMENT '文字示方书号', lh_no VARCHAR(50) COMMENT '硫化示方书号', brand VARCHAR(50) COMMENT '品牌', specifications VARCHAR(100) COMMENT '规格', main_pattern VARCHAR(100) COMMENT '主花纹', pattern VARCHAR(100) COMMENT '花纹', mould_cavity_qty INT COMMENT '型腔数量', type_block_qty INT COMMENT '活块数量', height_qty INT COMMENT '高优先级数量', average_sale_qty INT COMMENT '月均销量', inventory_sales_ratio DECIMAL(10,4) COMMENT '库销比', day_vulcanization_qty INT COMMENT '日硫化量', cx_machine_code VARCHAR(500) COMMENT '成型机台信息', mould_change_info VARCHAR(100) COMMENT '模具使用变化信息', dynamic_balance_qty VARCHAR(100) COMMENT '动平衡数量', uniformity_qty INT COMMENT '均匀性数量', curing_time INT COMMENT '单条硫化时间分钟', prod_req_plan INT COMMENT '生产需求计划净需求', trial_qty INT COMMENT '试制量试计划需求量', height_production_qty INT COMMENT '高优先级排产数量', fact_prod_req_qty INT COMMENT '实际生产需求含损耗', total_qty INT COMMENT '生产实际排产量', mid_production_qty INT COMMENT '中优先级排产数量', cycle_production_qty INT COMMENT '周期排产储备排产数量', convention_production_qty INT COMMENT '常规储备排产数量', postpone_production_qty INT COMMENT '暂缓订单排产数量', trial_production_qty INT COMMENT '试制量试排产量', difference_qty INT COMMENT '差异量未排产数量', adjust_qty1 INT COMMENT '第1周调整量', adjust_qty2 INT COMMENT '第2周调整量', adjust_qty3 INT COMMENT '第3周调整量', adjust_qty4 INT COMMENT '第4周调整量', reason VARCHAR(500) COMMENT '未排产原因', begin_day INT COMMENT '开始日期', end_day INT COMMENT '结束日期', day_1 INT COMMENT '第1天排产量', day_2 INT COMMENT '第2天排产量', day_3 INT COMMENT '第3天排产量', day_4 INT COMMENT '第4天排产量', day_5 INT COMMENT '第5天排产量', day_6 INT COMMENT '第6天排产量', day_7 INT COMMENT '第7天排产量', day_8 INT COMMENT '第8天排产量', day_9 INT COMMENT '第9天排产量', day_10 INT COMMENT '第10天排产量', day_11 INT COMMENT '第11天排产量', day_12 INT COMMENT '第12天排产量', day_13 INT COMMENT '第13天排产量', day_14 INT COMMENT '第14天排产量', day_15 INT COMMENT '第15天排产量', day_16 INT COMMENT '第16天排产量', day_17 INT COMMENT '第17天排产量', day_18 INT COMMENT '第18天排产量', day_19 INT COMMENT '第19天排产量', day_20 INT COMMENT '第20天排产量', day_21 INT COMMENT '第21天排产量', day_22 INT COMMENT '第22天排产量', day_23 INT COMMENT '第23天排产量', day_24 INT COMMENT '第24天排产量', day_25 INT COMMENT '第25天排产量', day_26 INT COMMENT '第26天排产量', day_27 INT COMMENT '第27天排产量', day_28 INT COMMENT '第28天排产量', day_29 INT COMMENT '第29天排产量', day_30 INT COMMENT '第30天排产量', day_31 INT COMMENT '第31天排产量', total_vulcanization_minutes DECIMAL(15,2) COMMENT '硫化总工时', display_seq INT COMMENT '显示顺序', is_release VARCHAR(10) COMMENT '发布状态', is_import VARCHAR(10) COMMENT '是否EXCEL导入', production_sequence BIGINT COMMENT '排产顺序', create_time TIMESTAMP DEFAULT CURRENT_TIMESTAMP COMMENT '创建时间', update_time TIMESTAMP DEFAULT CURRENT_TIMESTAMP ON UPDATE CURRENT_TIMESTAMP COMMENT '更新时间', create_by VARCHAR(50) COMMENT '创建人', update_by VARCHAR(50) COMMENT '更新人', remark VARCHAR(500) COMMENT '备注', INDEX idx_year_month (year_month), INDEX idx_material_code (material_code), INDEX idx_production_no (production_no)) COMMENT='月度生产计划定稿表'"; expected "identifier"; SQL statement:
CREATE TABLE t_mp_month_plan_prod_final (id BIGINT PRIMARY KEY AUTO_INCREMENT COMMENT '主键ID', production_no VARCHAR(50) COMMENT '工单号', factory_code VARCHAR(50) COMMENT '工厂编码', year INT COMMENT '年份', month INT COMMENT '月份', year_month INT COMMENT '年月YYYYMM', month_plan_version VARCHAR(50) COMMENT '销售生产需求计划版本', last_month_plan_version VARCHAR(50) COMMENT '最新需求计划版本', production_version VARCHAR(50) COMMENT '排产计划版本', product_type_code VARCHAR(50) COMMENT '产品品类', material_code VARCHAR(50) COMMENT '物料编码', material_desc VARCHAR(200) COMMENT '物料描述', mes_material_code VARCHAR(50) COMMENT 'MES物料编码', structure_name VARCHAR(100) COMMENT '产品结构', pro_size VARCHAR(20) COMMENT '英寸', product_category VARCHAR(50) COMMENT '产品分类', product_status VARCHAR(20) COMMENT '产品状态', structure_type VARCHAR(20) COMMENT '结构类型', production_type VARCHAR(50) COMMENT '排产分类', embryo_code VARCHAR(50) COMMENT '生胎代码', main_material_desc VARCHAR(200) COMMENT '主物料胎胚号', construction_stage VARCHAR(20) COMMENT '施工阶段', is_zero_rack VARCHAR(10) COMMENT '是否零度材料', embryo_no VARCHAR(50) COMMENT '制造示方书号', text_no VARCHAR(50) COMMENT '文字示方书号', lh_no VARCHAR(50) COMMENT '硫化示方书号', brand VARCHAR(50) COMMENT '品牌', specifications VARCHAR(100) COMMENT '规格', main_pattern VARCHAR(100) COMMENT '主花纹', pattern VARCHAR(100) COMMENT '花纹', mould_cavity_qty INT COMMENT '型腔数量', type_block_qty INT COMMENT '活块数量', height_qty INT COMMENT '高优先级数量', average_sale_qty INT COMMENT '月均销量', inventory_sales_ratio DECIMAL(10,4) COMMENT '库销比', day_vulcanization_qty INT COMMENT '日硫化量', cx_machine_code VARCHAR(500) COMMENT '成型机台信息', mould_change_info VARCHAR(100) COMMENT '模具使用变化信息', dynamic_balance_qty VARCHAR(100) COMMENT '动平衡数量', uniformity_qty INT COMMENT '均匀性数量', curing_time INT COMMENT '单条硫化时间分钟', prod_req_plan INT COMMENT '生产需求计划净需求', trial_qty INT COMMENT '试制量试计划需求量', height_production_qty INT COMMENT '高优先级排产数量', fact_prod_req_qty INT COMMENT '实际生产需求含损耗', total_qty INT COMMENT '生产实际排产量', mid_production_qty INT COMMENT '中优先级排产数量', cycle_production_qty INT COMMENT '周期排产储备排产数量', convention_production_qty INT COMMENT '常规储备排产数量', postpone_production_qty INT COMMENT '暂缓订单排产数量', trial_production_qty INT COMMENT '试制量试排产量', difference_qty INT COMMENT '差异量未排产数量', adjust_qty1 INT COMMENT '第1周调整量', adjust_qty2 INT COMMENT '第2周调整量', adjust_qty3 INT COMMENT '第3周调整量', adjust_qty4 INT COMMENT '第4周调整量', reason VARCHAR(500) COMMENT '未排产原因', begin_day INT COMMENT '开始日期', end_day INT COMMENT '结束日期', day_1 INT COMMENT '第1天排产量', day_2 INT COMMENT '第2天排产量', day_3 INT COMMENT '第3天排产量', day_4 INT COMMENT '第4天排产量', day_5 INT COMMENT '第5天排产量', day_6 INT COMMENT '第6天排产量', day_7 INT COMMENT '第7天排产量', day_8 INT COMMENT '第8天排产量', day_9 INT COMMENT '第9天排产量', day_10 INT COMMENT '第10天排产量', day_11 INT COMMENT '第11天排产量', day_12 INT COMMENT '第12天排产量', day_13 INT COMMENT '第13天排产量', day_14 INT COMMENT '第14天排产量', day_15 INT COMMENT '第15天排产量', day_16 INT COMMENT '第16天排产量', day_17 INT COMMENT '第17天排产量', day_18 INT COMMENT '第18天排产量', day_19 INT COMMENT '第19天排产量', day_20 INT COMMENT '第20天排产量', day_21 INT COMMENT '第21天排产量', day_22 INT COMMENT '第22天排产量', day_23 INT COMMENT '第23天排产量', day_24 INT COMMENT '第24天排产量', day_25 INT COMMENT '第25天排产量', day_26 INT COMMENT '第26天排产量', day_27 INT COMMENT '第27天排产量', day_28 INT COMMENT '第28天排产量', day_29 INT COMMENT '第29天排产量', day_30 INT COMMENT '第30天排产量', day_31 INT COMMENT '第31天排产量', total_vulcanization_minutes DECIMAL(15,2) COMMENT '硫化总工时', display_seq INT COMMENT '显示顺序', is_release VARCHAR(10) COMMENT '发布状态', is_import VARCHAR(10) COMMENT '是否EXCEL导入', production_sequence BIGINT COMMENT '排产顺序', create_time TIMESTAMP DEFAULT CURRENT_TIMESTAMP COMMENT '创建时间', update_time TIMESTAMP DEFAULT CURRENT_TIMESTAMP ON UPDATE CURRENT_TIMESTAMP COMMENT '更新时间', create_by VARCHAR(50) COMMENT '创建人', update_by VARCHAR(50) COMMENT '更新人', remark VARCHAR(500) COMMENT '备注', INDEX idx_year_month (year_month), INDEX idx_material_code (material_code), INDEX idx_production_no (production_no)) COMMENT='月度生产计划定稿表' [42001-214]
	at org.springframework.jdbc.support.SQLErrorCodeSQLExceptionTranslator.doTranslate(SQLErrorCodeSQLExceptionTranslator.java:236)
	at org.springframework.jdbc.support.AbstractFallbackSQLExceptionTranslator.translate(AbstractFallbackSQLExceptionTranslator.java:73)
	at org.springframework.jdbc.core.JdbcTemplate.translateException(JdbcTemplate.java:1577)
	at org.springframework.jdbc.core.JdbcTemplate.execute(JdbcTemplate.java:398)
	at org.springframework.jdbc.core.JdbcTemplate.execute(JdbcTemplate.java:436)
	at com.jinyu.aps.config.DatabaseInitializer.createMonthPlanFinalTable(DatabaseInitializer.java:323)
	at com.jinyu.aps.config.DatabaseInitializer.run(DatabaseInitializer.java:46)
	at org.springframework.boot.SpringApplication.callRunner(SpringApplication.java:765)
	... 100 more
Caused by: org.h2.jdbc.JdbcSQLSyntaxErrorException: Syntax error in SQL statement "CREATE TABLE t_mp_month_plan_prod_final (id BIGINT PRIMARY KEY AUTO_INCREMENT COMMENT '主键ID', production_no VARCHAR(50) COMMENT '工单号', factory_code VARCHAR(50) COMMENT '工厂编码', [*]year INT COMMENT '年份', month INT COMMENT '月份', year_month INT COMMENT '年月YYYYMM', month_plan_version VARCHAR(50) COMMENT '销售生产需求计划版本', last_month_plan_version VARCHAR(50) COMMENT '最新需求计划版本', production_version VARCHAR(50) COMMENT '排产计划版本', product_type_code VARCHAR(50) COMMENT '产品品类', material_code VARCHAR(50) COMMENT '物料编码', material_desc VARCHAR(200) COMMENT '物料描述', mes_material_code VARCHAR(50) COMMENT 'MES物料编码', structure_name VARCHAR(100) COMMENT '产品结构', pro_size VARCHAR(20) COMMENT '英寸', product_category VARCHAR(50) COMMENT '产品分类', product_status VARCHAR(20) COMMENT '产品状态', structure_type VARCHAR(20) COMMENT '结构类型', production_type VARCHAR(50) COMMENT '排产分类', embryo_code VARCHAR(50) COMMENT '生胎代码', main_material_desc VARCHAR(200) COMMENT '主物料胎胚号', construction_stage VARCHAR(20) COMMENT '施工阶段', is_zero_rack VARCHAR(10) COMMENT '是否零度材料', embryo_no VARCHAR(50) COMMENT '制造示方书号', text_no VARCHAR(50) COMMENT '文字示方书号', lh_no VARCHAR(50) COMMENT '硫化示方书号', brand VARCHAR(50) COMMENT '品牌', specifications VARCHAR(100) COMMENT '规格', main_pattern VARCHAR(100) COMMENT '主花纹', pattern VARCHAR(100) COMMENT '花纹', mould_cavity_qty INT COMMENT '型腔数量', type_block_qty INT COMMENT '活块数量', height_qty INT COMMENT '高优先级数量', average_sale_qty INT COMMENT '月均销量', inventory_sales_ratio DECIMAL(10,4) COMMENT '库销比', day_vulcanization_qty INT COMMENT '日硫化量', cx_machine_code VARCHAR(500) COMMENT '成型机台信息', mould_change_info VARCHAR(100) COMMENT '模具使用变化信息', dynamic_balance_qty VARCHAR(100) COMMENT '动平衡数量', uniformity_qty INT COMMENT '均匀性数量', curing_time INT COMMENT '单条硫化时间分钟', prod_req_plan INT COMMENT '生产需求计划净需求', trial_qty INT COMMENT '试制量试计划需求量', height_production_qty INT COMMENT '高优先级排产数量', fact_prod_req_qty INT COMMENT '实际生产需求含损耗', total_qty INT COMMENT '生产实际排产量', mid_production_qty INT COMMENT '中优先级排产数量', cycle_production_qty INT COMMENT '周期排产储备排产数量', convention_production_qty INT COMMENT '常规储备排产数量', postpone_production_qty INT COMMENT '暂缓订单排产数量', trial_production_qty INT COMMENT '试制量试排产量', difference_qty INT COMMENT '差异量未排产数量', adjust_qty1 INT COMMENT '第1周调整量', adjust_qty2 INT COMMENT '第2周调整量', adjust_qty3 INT COMMENT '第3周调整量', adjust_qty4 INT COMMENT '第4周调整量', reason VARCHAR(500) COMMENT '未排产原因', begin_day INT COMMENT '开始日期', end_day INT COMMENT '结束日期', day_1 INT COMMENT '第1天排产量', day_2 INT COMMENT '第2天排产量', day_3 INT COMMENT '第3天排产量', day_4 INT COMMENT '第4天排产量', day_5 INT COMMENT '第5天排产量', day_6 INT COMMENT '第6天排产量', day_7 INT COMMENT '第7天排产量', day_8 INT COMMENT '第8天排产量', day_9 INT COMMENT '第9天排产量', day_10 INT COMMENT '第10天排产量', day_11 INT COMMENT '第11天排产量', day_12 INT COMMENT '第12天排产量', day_13 INT COMMENT '第13天排产量', day_14 INT COMMENT '第14天排产量', day_15 INT COMMENT '第15天排产量', day_16 INT COMMENT '第16天排产量', day_17 INT COMMENT '第17天排产量', day_18 INT COMMENT '第18天排产量', day_19 INT COMMENT '第19天排产量', day_20 INT COMMENT '第20天排产量', day_21 INT COMMENT '第21天排产量', day_22 INT COMMENT '第22天排产量', day_23 INT COMMENT '第23天排产量', day_24 INT COMMENT '第24天排产量', day_25 INT COMMENT '第25天排产量', day_26 INT COMMENT '第26天排产量', day_27 INT COMMENT '第27天排产量', day_28 INT COMMENT '第28天排产量', day_29 INT COMMENT '第29天排产量', day_30 INT COMMENT '第30天排产量', day_31 INT COMMENT '第31天排产量', total_vulcanization_minutes DECIMAL(15,2) COMMENT '硫化总工时', display_seq INT COMMENT '显示顺序', is_release VARCHAR(10) COMMENT '发布状态', is_import VARCHAR(10) COMMENT '是否EXCEL导入', production_sequence BIGINT COMMENT '排产顺序', create_time TIMESTAMP DEFAULT CURRENT_TIMESTAMP COMMENT '创建时间', update_time TIMESTAMP DEFAULT CURRENT_TIMESTAMP ON UPDATE CURRENT_TIMESTAMP COMMENT '更新时间', create_by VARCHAR(50) COMMENT '创建人', update_by VARCHAR(50) COMMENT '更新人', remark VARCHAR(500) COMMENT '备注', INDEX idx_year_month (year_month), INDEX idx_material_code (material_code), INDEX idx_production_no (production_no)) COMMENT='月度生产计划定稿表'"; expected "identifier"; SQL statement:
CREATE TABLE t_mp_month_plan_prod_final (id BIGINT PRIMARY KEY AUTO_INCREMENT COMMENT '主键ID', production_no VARCHAR(50) COMMENT '工单号', factory_code VARCHAR(50) COMMENT '工厂编码', year INT COMMENT '年份', month INT COMMENT '月份', year_month INT COMMENT '年月YYYYMM', month_plan_version VARCHAR(50) COMMENT '销售生产需求计划版本', last_month_plan_version VARCHAR(50) COMMENT '最新需求计划版本', production_version VARCHAR(50) COMMENT '排产计划版本', product_type_code VARCHAR(50) COMMENT '产品品类', material_code VARCHAR(50) COMMENT '物料编码', material_desc VARCHAR(200) COMMENT '物料描述', mes_material_code VARCHAR(50) COMMENT 'MES物料编码', structure_name VARCHAR(100) COMMENT '产品结构', pro_size VARCHAR(20) COMMENT '英寸', product_category VARCHAR(50) COMMENT '产品分类', product_status VARCHAR(20) COMMENT '产品状态', structure_type VARCHAR(20) COMMENT '结构类型', production_type VARCHAR(50) COMMENT '排产分类', embryo_code VARCHAR(50) COMMENT '生胎代码', main_material_desc VARCHAR(200) COMMENT '主物料胎胚号', construction_stage VARCHAR(20) COMMENT '施工阶段', is_zero_rack VARCHAR(10) COMMENT '是否零度材料', embryo_no VARCHAR(50) COMMENT '制造示方书号', text_no VARCHAR(50) COMMENT '文字示方书号', lh_no VARCHAR(50) COMMENT '硫化示方书号', brand VARCHAR(50) COMMENT '品牌', specifications VARCHAR(100) COMMENT '规格', main_pattern VARCHAR(100) COMMENT '主花纹', pattern VARCHAR(100) COMMENT '花纹', mould_cavity_qty INT COMMENT '型腔数量', type_block_qty INT COMMENT '活块数量', height_qty INT COMMENT '高优先级数量', average_sale_qty INT COMMENT '月均销量', inventory_sales_ratio DECIMAL(10,4) COMMENT '库销比', day_vulcanization_qty INT COMMENT '日硫化量', cx_machine_code VARCHAR(500) COMMENT '成型机台信息', mould_change_info VARCHAR(100) COMMENT '模具使用变化信息', dynamic_balance_qty VARCHAR(100) COMMENT '动平衡数量', uniformity_qty INT COMMENT '均匀性数量', curing_time INT COMMENT '单条硫化时间分钟', prod_req_plan INT COMMENT '生产需求计划净需求', trial_qty INT COMMENT '试制量试计划需求量', height_production_qty INT COMMENT '高优先级排产数量', fact_prod_req_qty INT COMMENT '实际生产需求含损耗', total_qty INT COMMENT '生产实际排产量', mid_production_qty INT COMMENT '中优先级排产数量', cycle_production_qty INT COMMENT '周期排产储备排产数量', convention_production_qty INT COMMENT '常规储备排产数量', postpone_production_qty INT COMMENT '暂缓订单排产数量', trial_production_qty INT COMMENT '试制量试排产量', difference_qty INT COMMENT '差异量未排产数量', adjust_qty1 INT COMMENT '第1周调整量', adjust_qty2 INT COMMENT '第2周调整量', adjust_qty3 INT COMMENT '第3周调整量', adjust_qty4 INT COMMENT '第4周调整量', reason VARCHAR(500) COMMENT '未排产原因', begin_day INT COMMENT '开始日期', end_day INT COMMENT '结束日期', day_1 INT COMMENT '第1天排产量', day_2 INT COMMENT '第2天排产量', day_3 INT COMMENT '第3天排产量', day_4 INT COMMENT '第4天排产量', day_5 INT COMMENT '第5天排产量', day_6 INT COMMENT '第6天排产量', day_7 INT COMMENT '第7天排产量', day_8 INT COMMENT '第8天排产量', day_9 INT COMMENT '第9天排产量', day_10 INT COMMENT '第10天排产量', day_11 INT COMMENT '第11天排产量', day_12 INT COMMENT '第12天排产量', day_13 INT COMMENT '第13天排产量', day_14 INT COMMENT '第14天排产量', day_15 INT COMMENT '第15天排产量', day_16 INT COMMENT '第16天排产量', day_17 INT COMMENT '第17天排产量', day_18 INT COMMENT '第18天排产量', day_19 INT COMMENT '第19天排产量', day_20 INT COMMENT '第20天排产量', day_21 INT COMMENT '第21天排产量', day_22 INT COMMENT '第22天排产量', day_23 INT COMMENT '第23天排产量', day_24 INT COMMENT '第24天排产量', day_25 INT COMMENT '第25天排产量', day_26 INT COMMENT '第26天排产量', day_27 INT COMMENT '第27天排产量', day_28 INT COMMENT '第28天排产量', day_29 INT COMMENT '第29天排产量', day_30 INT COMMENT '第30天排产量', day_31 INT COMMENT '第31天排产量', total_vulcanization_minutes DECIMAL(15,2) COMMENT '硫化总工时', display_seq INT COMMENT '显示顺序', is_release VARCHAR(10) COMMENT '发布状态', is_import VARCHAR(10) COMMENT '是否EXCEL导入', production_sequence BIGINT COMMENT '排产顺序', create_time TIMESTAMP DEFAULT CURRENT_TIMESTAMP COMMENT '创建时间', update_time TIMESTAMP DEFAULT CURRENT_TIMESTAMP ON UPDATE CURRENT_TIMESTAMP COMMENT '更新时间', create_by VARCHAR(50) COMMENT '创建人', update_by VARCHAR(50) COMMENT '更新人', remark VARCHAR(500) COMMENT '备注', INDEX idx_year_month (year_month), INDEX idx_material_code (material_code), INDEX idx_production_no (production_no)) COMMENT='月度生产计划定稿表' [42001-214]
	at org.h2.message.DbException.getJdbcSQLException(DbException.java:502)
	at org.h2.message.DbException.getJdbcSQLException(DbException.java:477)
	at org.h2.message.DbException.getSyntaxError(DbException.java:261)
	at org.h2.command.Parser.readIdentifier(Parser.java:5656)
	at org.h2.command.Parser.parseTableColumnDefinition(Parser.java:9326)
	at org.h2.command.Parser.parseCreateTable(Parser.java:9271)
	at org.h2.command.Parser.parseCreate(Parser.java:6784)
	at org.h2.command.Parser.parsePrepared(Parser.java:763)
	at org.h2.command.Parser.parse(Parser.java:689)
	at org.h2.command.Parser.parse(Parser.java:661)
	at org.h2.command.Parser.prepareCommand(Parser.java:569)
	at org.h2.engine.SessionLocal.prepareLocal(SessionLocal.java:631)
	at org.h2.engine.SessionLocal.prepareCommand(SessionLocal.java:554)
	at org.h2.jdbc.JdbcConnection.prepareCommand(JdbcConnection.java:1116)
	at org.h2.jdbc.JdbcStatement.executeInternal(JdbcStatement.java:237)
	at org.h2.jdbc.JdbcStatement.execute(JdbcStatement.java:223)
	at com.zaxxer.hikari.pool.ProxyStatement.execute(ProxyStatement.java:94)
	at com.zaxxer.hikari.pool.HikariProxyStatement.execute(HikariProxyStatement.java)
	at org.springframework.jdbc.core.JdbcTemplate$1ExecuteStatementCallback.doInStatement(JdbcTemplate.java:427)
	at org.springframework.jdbc.core.JdbcTemplate.execute(JdbcTemplate.java:383)
	... 104 more

com.jinyu.aps.integration.ScheduleIntegrationTest$PerformanceTests.testPerformance_LargeScaleAllocation  Time elapsed: 0.001 s  <<< ERROR!
java.lang.IllegalStateException: Failed to load ApplicationContext
	at org.springframework.test.context.cache.DefaultCacheAwareContextLoaderDelegate.loadContext(DefaultCacheAwareContextLoaderDelegate.java:98)
	at org.springframework.test.context.support.DefaultTestContext.getApplicationContext(DefaultTestContext.java:124)
	at org.springframework.test.context.web.ServletTestExecutionListener.setUpRequestContextIfNecessary(ServletTestExecutionListener.java:190)
	at org.springframework.test.context.web.ServletTestExecutionListener.prepareTestInstance(ServletTestExecutionListener.java:132)
	at org.springframework.test.context.TestContextManager.prepareTestInstance(TestContextManager.java:248)
	at org.springframework.test.context.junit.jupiter.SpringExtension.postProcessTestInstance(SpringExtension.java:138)
	at org.junit.jupiter.engine.descriptor.ClassBasedTestDescriptor.lambda$invokeTestInstancePostProcessors$8(ClassBasedTestDescriptor.java:363)
	at org.junit.jupiter.engine.descriptor.ClassBasedTestDescriptor.executeAndMaskThrowable(ClassBasedTestDescriptor.java:368)
	at org.junit.jupiter.engine.descriptor.ClassBasedTestDescriptor.lambda$invokeTestInstancePostProcessors$9(ClassBasedTestDescriptor.java:363)
	at java.base/java.util.stream.ReferencePipeline$3$1.accept(ReferencePipeline.java:195)
	at java.base/java.util.stream.ReferencePipeline$2$1.accept(ReferencePipeline.java:177)
	at java.base/java.util.ArrayList$ArrayListSpliterator.forEachRemaining(ArrayList.java:1655)
	at java.base/java.util.stream.AbstractPipeline.copyInto(AbstractPipeline.java:484)
	at java.base/java.util.stream.AbstractPipeline.wrapAndCopyInto(AbstractPipeline.java:474)
	at java.base/java.util.stream.StreamSpliterators$WrappingSpliterator.forEachRemaining(StreamSpliterators.java:312)
	at java.base/java.util.stream.Streams$ConcatSpliterator.forEachRemaining(Streams.java:735)
	at java.base/java.util.stream.ReferencePipeline$Head.forEach(ReferencePipeline.java:658)
	at org.junit.jupiter.engine.descriptor.ClassBasedTestDescriptor.invokeTestInstancePostProcessors(ClassBasedTestDescriptor.java:362)
	at org.junit.jupiter.engine.descriptor.ClassBasedTestDescriptor.lambda$instantiateAndPostProcessTestInstance$6(ClassBasedTestDescriptor.java:283)
	at org.junit.platform.engine.support.hierarchical.ThrowableCollector.execute(ThrowableCollector.java:73)
	at org.junit.jupiter.engine.descriptor.ClassBasedTestDescriptor.instantiateAndPostProcessTestInstance(ClassBasedTestDescriptor.java:282)
	at org.junit.jupiter.engine.descriptor.ClassBasedTestDescriptor.lambda$testInstancesProvider$4(ClassBasedTestDescriptor.java:272)
	at java.base/java.util.Optional.orElseGet(Optional.java:369)
	at org.junit.jupiter.engine.descriptor.ClassBasedTestDescriptor.lambda$testInstancesProvider$5(ClassBasedTestDescriptor.java:271)
	at org.junit.jupiter.engine.descriptor.NestedClassTestDescriptor.instantiateTestClass(NestedClassTestDescriptor.java:85)
	at org.junit.jupiter.engine.descriptor.ClassBasedTestDescriptor.instantiateAndPostProcessTestInstance(ClassBasedTestDescriptor.java:280)
	at org.junit.jupiter.engine.descriptor.ClassBasedTestDescriptor.lambda$testInstancesProvider$4(ClassBasedTestDescriptor.java:272)
	at java.base/java.util.Optional.orElseGet(Optional.java:369)
	at org.junit.jupiter.engine.descriptor.ClassBasedTestDescriptor.lambda$testInstancesProvider$5(ClassBasedTestDescriptor.java:271)
	at org.junit.jupiter.engine.execution.TestInstancesProvider.getTestInstances(TestInstancesProvider.java:31)
	at org.junit.jupiter.engine.descriptor.TestMethodTestDescriptor.lambda$prepare$0(TestMethodTestDescriptor.java:102)
	at org.junit.platform.engine.support.hierarchical.ThrowableCollector.execute(ThrowableCollector.java:73)
	at org.junit.jupiter.engine.descriptor.TestMethodTestDescriptor.prepare(TestMethodTestDescriptor.java:101)
	at org.junit.jupiter.engine.descriptor.TestMethodTestDescriptor.prepare(TestMethodTestDescriptor.java:66)
	at org.junit.platform.engine.support.hierarchical.NodeTestTask.lambda$prepare$2(NodeTestTask.java:123)
	at org.junit.platform.engine.support.hierarchical.ThrowableCollector.execute(ThrowableCollector.java:73)
	at org.junit.platform.engine.support.hierarchical.NodeTestTask.prepare(NodeTestTask.java:123)
	at org.junit.platform.engine.support.hierarchical.NodeTestTask.execute(NodeTestTask.java:90)
	at java.base/java.util.ArrayList.forEach(ArrayList.java:1541)
	at org.junit.platform.engine.support.hierarchical.SameThreadHierarchicalTestExecutorService.invokeAll(SameThreadHierarchicalTestExecutorService.java:41)
	at org.junit.platform.engine.support.hierarchical.NodeTestTask.lambda$executeRecursively$6(NodeTestTask.java:155)
	at org.junit.platform.engine.support.hierarchical.ThrowableCollector.execute(ThrowableCollector.java:73)
	at org.junit.platform.engine.support.hierarchical.NodeTestTask.lambda$executeRecursively$8(NodeTestTask.java:141)
	at org.junit.platform.engine.support.hierarchical.Node.around(Node.java:137)
	at org.junit.platform.engine.support.hierarchical.NodeTestTask.lambda$executeRecursively$9(NodeTestTask.java:139)
	at org.junit.platform.engine.support.hierarchical.ThrowableCollector.execute(ThrowableCollector.java:73)
	at org.junit.platform.engine.support.hierarchical.NodeTestTask.executeRecursively(NodeTestTask.java:138)
	at org.junit.platform.engine.support.hierarchical.NodeTestTask.execute(NodeTestTask.java:95)
	at java.base/java.util.ArrayList.forEach(ArrayList.java:1541)
	at org.junit.platform.engine.support.hierarchical.SameThreadHierarchicalTestExecutorService.invokeAll(SameThreadHierarchicalTestExecutorService.java:41)
	at org.junit.platform.engine.support.hierarchical.NodeTestTask.lambda$executeRecursively$6(NodeTestTask.java:155)
	at org.junit.platform.engine.support.hierarchical.ThrowableCollector.execute(ThrowableCollector.java:73)
	at org.junit.platform.engine.support.hierarchical.NodeTestTask.lambda$executeRecursively$8(NodeTestTask.java:141)
	at org.junit.platform.engine.support.hierarchical.Node.around(Node.java:137)
	at org.junit.platform.engine.support.hierarchical.NodeTestTask.lambda$executeRecursively$9(NodeTestTask.java:139)
	at org.junit.platform.engine.support.hierarchical.ThrowableCollector.execute(ThrowableCollector.java:73)
	at org.junit.platform.engine.support.hierarchical.NodeTestTask.executeRecursively(NodeTestTask.java:138)
	at org.junit.platform.engine.support.hierarchical.NodeTestTask.execute(NodeTestTask.java:95)
	at java.base/java.util.ArrayList.forEach(ArrayList.java:1541)
	at org.junit.platform.engine.support.hierarchical.SameThreadHierarchicalTestExecutorService.invokeAll(SameThreadHierarchicalTestExecutorService.java:41)
	at org.junit.platform.engine.support.hierarchical.NodeTestTask.lambda$executeRecursively$6(NodeTestTask.java:155)
	at org.junit.platform.engine.support.hierarchical.ThrowableCollector.execute(ThrowableCollector.java:73)
	at org.junit.platform.engine.support.hierarchical.NodeTestTask.lambda$executeRecursively$8(NodeTestTask.java:141)
	at org.junit.platform.engine.support.hierarchical.Node.around(Node.java:137)
	at org.junit.platform.engine.support.hierarchical.NodeTestTask.lambda$executeRecursively$9(NodeTestTask.java:139)
	at org.junit.platform.engine.support.hierarchical.ThrowableCollector.execute(ThrowableCollector.java:73)
	at org.junit.platform.engine.support.hierarchical.NodeTestTask.executeRecursively(NodeTestTask.java:138)
	at org.junit.platform.engine.support.hierarchical.NodeTestTask.execute(NodeTestTask.java:95)
	at org.junit.platform.engine.support.hierarchical.SameThreadHierarchicalTestExecutorService.submit(SameThreadHierarchicalTestExecutorService.java:35)
	at org.junit.platform.engine.support.hierarchical.HierarchicalTestExecutor.execute(HierarchicalTestExecutor.java:57)
	at org.junit.platform.engine.support.hierarchical.HierarchicalTestEngine.execute(HierarchicalTestEngine.java:54)
	at org.junit.platform.launcher.core.EngineExecutionOrchestrator.execute(EngineExecutionOrchestrator.java:107)
	at org.junit.platform.launcher.core.EngineExecutionOrchestrator.execute(EngineExecutionOrchestrator.java:88)
	at org.junit.platform.launcher.core.EngineExecutionOrchestrator.lambda$execute$0(EngineExecutionOrchestrator.java:54)
	at org.junit.platform.launcher.core.EngineExecutionOrchestrator.withInterceptedStreams(EngineExecutionOrchestrator.java:67)
	at org.junit.platform.launcher.core.EngineExecutionOrchestrator.execute(EngineExecutionOrchestrator.java:52)
	at org.junit.platform.launcher.core.DefaultLauncher.execute(DefaultLauncher.java:114)
	at org.junit.platform.launcher.core.DefaultLauncher.execute(DefaultLauncher.java:86)
	at org.junit.platform.launcher.core.DefaultLauncherSession$DelegatingLauncher.execute(DefaultLauncherSession.java:86)
	at org.apache.maven.surefire.junitplatform.LazyLauncher.execute(LazyLauncher.java:50)
	at org.apache.maven.surefire.junitplatform.JUnitPlatformProvider.execute(JUnitPlatformProvider.java:184)
	at org.apache.maven.surefire.junitplatform.JUnitPlatformProvider.invokeAllTests(JUnitPlatformProvider.java:148)
	at org.apache.maven.surefire.junitplatform.JUnitPlatformProvider.invoke(JUnitPlatformProvider.java:122)
	at org.apache.maven.surefire.booter.ForkedBooter.runSuitesInProcess(ForkedBooter.java:385)
	at org.apache.maven.surefire.booter.ForkedBooter.execute(ForkedBooter.java:162)
	at org.apache.maven.surefire.booter.ForkedBooter.run(ForkedBooter.java:507)
	at org.apache.maven.surefire.booter.ForkedBooter.main(ForkedBooter.java:495)
	Suppressed: java.lang.IllegalStateException: Failed to load ApplicationContext
		at org.springframework.test.context.cache.DefaultCacheAwareContextLoaderDelegate.loadContext(DefaultCacheAwareContextLoaderDelegate.java:98)
		at org.springframework.test.context.support.DefaultTestContext.getApplicationContext(DefaultTestContext.java:124)
		at org.springframework.test.context.web.ServletTestExecutionListener.setUpRequestContextIfNecessary(ServletTestExecutionListener.java:190)
		at org.springframework.test.context.web.ServletTestExecutionListener.prepareTestInstance(ServletTestExecutionListener.java:132)
		at org.springframework.test.context.TestContextManager.prepareTestInstance(TestContextManager.java:248)
		at org.springframework.test.context.junit.jupiter.SpringExtension.postProcessTestInstance(SpringExtension.java:138)
		at org.junit.jupiter.engine.descriptor.ClassBasedTestDescriptor.lambda$invokeTestInstancePostProcessors$8(ClassBasedTestDescriptor.java:363)
		at org.junit.jupiter.engine.descriptor.ClassBasedTestDescriptor.executeAndMaskThrowable(ClassBasedTestDescriptor.java:368)
		at org.junit.jupiter.engine.descriptor.ClassBasedTestDescriptor.lambda$invokeTestInstancePostProcessors$9(ClassBasedTestDescriptor.java:363)
		at java.base/java.util.stream.ReferencePipeline$3$1.accept(ReferencePipeline.java:195)
		at java.base/java.util.stream.ReferencePipeline$2$1.accept(ReferencePipeline.java:177)
		at java.base/java.util.ArrayList$ArrayListSpliterator.forEachRemaining(ArrayList.java:1655)
		at java.base/java.util.stream.AbstractPipeline.copyInto(AbstractPipeline.java:484)
		at java.base/java.util.stream.AbstractPipeline.wrapAndCopyInto(AbstractPipeline.java:474)
		at java.base/java.util.stream.StreamSpliterators$WrappingSpliterator.forEachRemaining(StreamSpliterators.java:312)
		at java.base/java.util.stream.Streams$ConcatSpliterator.forEachRemaining(Streams.java:735)
		at java.base/java.util.stream.Streams$ConcatSpliterator.forEachRemaining(Streams.java:734)
		at java.base/java.util.stream.Streams$ConcatSpliterator.forEachRemaining(Streams.java:734)
		at java.base/java.util.stream.ReferencePipeline$Head.forEach(ReferencePipeline.java:658)
		at org.junit.jupiter.engine.descriptor.ClassBasedTestDescriptor.invokeTestInstancePostProcessors(ClassBasedTestDescriptor.java:362)
		at org.junit.jupiter.engine.descriptor.ClassBasedTestDescriptor.lambda$instantiateAndPostProcessTestInstance$6(ClassBasedTestDescriptor.java:283)
		at org.junit.platform.engine.support.hierarchical.ThrowableCollector.execute(ThrowableCollector.java:73)
		at org.junit.jupiter.engine.descriptor.ClassBasedTestDescriptor.instantiateAndPostProcessTestInstance(ClassBasedTestDescriptor.java:282)
		... 61 more
	Caused by: java.lang.IllegalStateException: Failed to execute CommandLineRunner
		at org.springframework.boot.SpringApplication.callRunner(SpringApplication.java:768)
		at org.springframework.boot.SpringApplication.lambda$callRunners$2(SpringApplication.java:749)
		at java.base/java.util.stream.ForEachOps$ForEachOp$OfRef.accept(ForEachOps.java:183)
		at java.base/java.util.stream.SortedOps$SizedRefSortingSink.end(SortedOps.java:357)
		at java.base/java.util.stream.AbstractPipeline.copyInto(AbstractPipeline.java:485)
		at java.base/java.util.stream.AbstractPipeline.wrapAndCopyInto(AbstractPipeline.java:474)
		at java.base/java.util.stream.ForEachOps$ForEachOp.evaluateSequential(ForEachOps.java:150)
		at java.base/java.util.stream.ForEachOps$ForEachOp$OfRef.evaluateSequential(ForEachOps.java:173)
		at java.base/java.util.stream.AbstractPipeline.evaluate(AbstractPipeline.java:234)
		at java.base/java.util.stream.ReferencePipeline.forEach(ReferencePipeline.java:497)
		at org.springframework.boot.SpringApplication.callRunners(SpringApplication.java:744)
		at org.springframework.boot.SpringApplication.run(SpringApplication.java:315)
		at org.springframework.boot.test.context.SpringBootContextLoader.loadContext(SpringBootContextLoader.java:136)
		at org.springframework.test.context.cache.DefaultCacheAwareContextLoaderDelegate.loadContextInternal(DefaultCacheAwareContextLoaderDelegate.java:141)
		at org.springframework.test.context.cache.DefaultCacheAwareContextLoaderDelegate.loadContext(DefaultCacheAwareContextLoaderDelegate.java:90)
		... 83 more
	Caused by: org.springframework.jdbc.BadSqlGrammarException: StatementCallback; bad SQL grammar [CREATE TABLE t_mp_month_plan_prod_final (id BIGINT PRIMARY KEY AUTO_INCREMENT COMMENT '主键ID', production_no VARCHAR(50) COMMENT '工单号', factory_code VARCHAR(50) COMMENT '工厂编码', year INT COMMENT '年份', month INT COMMENT '月份', year_month INT COMMENT '年月YYYYMM', month_plan_version VARCHAR(50) COMMENT '销售生产需求计划版本', last_month_plan_version VARCHAR(50) COMMENT '最新需求计划版本', production_version VARCHAR(50) COMMENT '排产计划版本', product_type_code VARCHAR(50) COMMENT '产品品类', material_code VARCHAR(50) COMMENT '物料编码', material_desc VARCHAR(200) COMMENT '物料描述', mes_material_code VARCHAR(50) COMMENT 'MES物料编码', structure_name VARCHAR(100) COMMENT '产品结构', pro_size VARCHAR(20) COMMENT '英寸', product_category VARCHAR(50) COMMENT '产品分类', product_status VARCHAR(20) COMMENT '产品状态', structure_type VARCHAR(20) COMMENT '结构类型', production_type VARCHAR(50) COMMENT '排产分类', embryo_code VARCHAR(50) COMMENT '生胎代码', main_material_desc VARCHAR(200) COMMENT '主物料胎胚号', construction_stage VARCHAR(20) COMMENT '施工阶段', is_zero_rack VARCHAR(10) COMMENT '是否零度材料', embryo_no VARCHAR(50) COMMENT '制造示方书号', text_no VARCHAR(50) COMMENT '文字示方书号', lh_no VARCHAR(50) COMMENT '硫化示方书号', brand VARCHAR(50) COMMENT '品牌', specifications VARCHAR(100) COMMENT '规格', main_pattern VARCHAR(100) COMMENT '主花纹', pattern VARCHAR(100) COMMENT '花纹', mould_cavity_qty INT COMMENT '型腔数量', type_block_qty INT COMMENT '活块数量', height_qty INT COMMENT '高优先级数量', average_sale_qty INT COMMENT '月均销量', inventory_sales_ratio DECIMAL(10,4) COMMENT '库销比', day_vulcanization_qty INT COMMENT '日硫化量', cx_machine_code VARCHAR(500) COMMENT '成型机台信息', mould_change_info VARCHAR(100) COMMENT '模具使用变化信息', dynamic_balance_qty VARCHAR(100) COMMENT '动平衡数量', uniformity_qty INT COMMENT '均匀性数量', curing_time INT COMMENT '单条硫化时间分钟', prod_req_plan INT COMMENT '生产需求计划净需求', trial_qty INT COMMENT '试制量试计划需求量', height_production_qty INT COMMENT '高优先级排产数量', fact_prod_req_qty INT COMMENT '实际生产需求含损耗', total_qty INT COMMENT '生产实际排产量', mid_production_qty INT COMMENT '中优先级排产数量', cycle_production_qty INT COMMENT '周期排产储备排产数量', convention_production_qty INT COMMENT '常规储备排产数量', postpone_production_qty INT COMMENT '暂缓订单排产数量', trial_production_qty INT COMMENT '试制量试排产量', difference_qty INT COMMENT '差异量未排产数量', adjust_qty1 INT COMMENT '第1周调整量', adjust_qty2 INT COMMENT '第2周调整量', adjust_qty3 INT COMMENT '第3周调整量', adjust_qty4 INT COMMENT '第4周调整量', reason VARCHAR(500) COMMENT '未排产原因', begin_day INT COMMENT '开始日期', end_day INT COMMENT '结束日期', day_1 INT COMMENT '第1天排产量', day_2 INT COMMENT '第2天排产量', day_3 INT COMMENT '第3天排产量', day_4 INT COMMENT '第4天排产量', day_5 INT COMMENT '第5天排产量', day_6 INT COMMENT '第6天排产量', day_7 INT COMMENT '第7天排产量', day_8 INT COMMENT '第8天排产量', day_9 INT COMMENT '第9天排产量', day_10 INT COMMENT '第10天排产量', day_11 INT COMMENT '第11天排产量', day_12 INT COMMENT '第12天排产量', day_13 INT COMMENT '第13天排产量', day_14 INT COMMENT '第14天排产量', day_15 INT COMMENT '第15天排产量', day_16 INT COMMENT '第16天排产量', day_17 INT COMMENT '第17天排产量', day_18 INT COMMENT '第18天排产量', day_19 INT COMMENT '第19天排产量', day_20 INT COMMENT '第20天排产量', day_21 INT COMMENT '第21天排产量', day_22 INT COMMENT '第22天排产量', day_23 INT COMMENT '第23天排产量', day_24 INT COMMENT '第24天排产量', day_25 INT COMMENT '第25天排产量', day_26 INT COMMENT '第26天排产量', day_27 INT COMMENT '第27天排产量', day_28 INT COMMENT '第28天排产量', day_29 INT COMMENT '第29天排产量', day_30 INT COMMENT '第30天排产量', day_31 INT COMMENT '第31天排产量', total_vulcanization_minutes DECIMAL(15,2) COMMENT '硫化总工时', display_seq INT COMMENT '显示顺序', is_release VARCHAR(10) COMMENT '发布状态', is_import VARCHAR(10) COMMENT '是否EXCEL导入', production_sequence BIGINT COMMENT '排产顺序', create_time TIMESTAMP DEFAULT CURRENT_TIMESTAMP COMMENT '创建时间', update_time TIMESTAMP DEFAULT CURRENT_TIMESTAMP ON UPDATE CURRENT_TIMESTAMP COMMENT '更新时间', create_by VARCHAR(50) COMMENT '创建人', update_by VARCHAR(50) COMMENT '更新人', remark VARCHAR(500) COMMENT '备注', INDEX idx_year_month (year_month), INDEX idx_material_code (material_code), INDEX idx_production_no (production_no)) COMMENT='月度生产计划定稿表']; nested exception is org.h2.jdbc.JdbcSQLSyntaxErrorException: Syntax error in SQL statement "CREATE TABLE t_mp_month_plan_prod_final (id BIGINT PRIMARY KEY AUTO_INCREMENT COMMENT '主键ID', production_no VARCHAR(50) COMMENT '工单号', factory_code VARCHAR(50) COMMENT '工厂编码', [*]year INT COMMENT '年份', month INT COMMENT '月份', year_month INT COMMENT '年月YYYYMM', month_plan_version VARCHAR(50) COMMENT '销售生产需求计划版本', last_month_plan_version VARCHAR(50) COMMENT '最新需求计划版本', production_version VARCHAR(50) COMMENT '排产计划版本', product_type_code VARCHAR(50) COMMENT '产品品类', material_code VARCHAR(50) COMMENT '物料编码', material_desc VARCHAR(200) COMMENT '物料描述', mes_material_code VARCHAR(50) COMMENT 'MES物料编码', structure_name VARCHAR(100) COMMENT '产品结构', pro_size VARCHAR(20) COMMENT '英寸', product_category VARCHAR(50) COMMENT '产品分类', product_status VARCHAR(20) COMMENT '产品状态', structure_type VARCHAR(20) COMMENT '结构类型', production_type VARCHAR(50) COMMENT '排产分类', embryo_code VARCHAR(50) COMMENT '生胎代码', main_material_desc VARCHAR(200) COMMENT '主物料胎胚号', construction_stage VARCHAR(20) COMMENT '施工阶段', is_zero_rack VARCHAR(10) COMMENT '是否零度材料', embryo_no VARCHAR(50) COMMENT '制造示方书号', text_no VARCHAR(50) COMMENT '文字示方书号', lh_no VARCHAR(50) COMMENT '硫化示方书号', brand VARCHAR(50) COMMENT '品牌', 
[...]
 INT COMMENT '第4周调整量', reason VARCHAR(500) COMMENT '未排产原因', begin_day INT COMMENT '开始日期', end_day INT COMMENT '结束日期', day_1 INT COMMENT '第1天排产量', day_2 INT COMMENT '第2天排产量', day_3 INT COMMENT '第3天排产量', day_4 INT COMMENT '第4天排产量', day_5 INT COMMENT '第5天排产量', day_6 INT COMMENT '第6天排产量', day_7 INT COMMENT '第7天排产量', day_8 INT COMMENT '第8天排产量', day_9 INT COMMENT '第9天排产量', day_10 INT COMMENT '第10天排产量', day_11 INT COMMENT '第11天排产量', day_12 INT COMMENT '第12天排产量', day_13 INT COMMENT '第13天排产量', day_14 INT COMMENT '第14天排产量', day_15 INT COMMENT '第15天排产量', day_16 INT COMMENT '第16天排产量', day_17 INT COMMENT '第17天排产量', day_18 INT COMMENT '第18天排产量', day_19 INT COMMENT '第19天排产量', day_20 INT COMMENT '第20天排产量', day_21 INT COMMENT '第21天排产量', day_22 INT COMMENT '第22天排产量', day_23 INT COMMENT '第23天排产量', day_24 INT COMMENT '第24天排产量', day_25 INT COMMENT '第25天排产量', day_26 INT COMMENT '第26天排产量', day_27 INT COMMENT '第27天排产量', day_28 INT COMMENT '第28天排产量', day_29 INT COMMENT '第29天排产量', day_30 INT COMMENT '第30天排产量', day_31 INT COMMENT '第31天排产量', total_vulcanization_minutes DECIMAL(15,2) COMMENT '硫化总工时', display_seq INT COMMENT '显示顺序', is_release VARCHAR(10) COMMENT '发布状态', is_import VARCHAR(10) COMMENT '是否EXCEL导入', production_sequence BIGINT COMMENT '排产顺序', create_time TIMESTAMP DEFAULT CURRENT_TIMESTAMP COMMENT '创建时间', update_time TIMESTAMP DEFAULT CURRENT_TIMESTAMP ON UPDATE CURRENT_TIMESTAMP COMMENT '更新时间', create_by VARCHAR(50) COMMENT '创建人', update_by VARCHAR(50) COMMENT '更新人', remark VARCHAR(500) COMMENT '备注', INDEX idx_year_month (year_month), INDEX idx_material_code (material_code), INDEX idx_production_no (production_no)) COMMENT='月度生产计划定稿表']; nested exception is org.h2.jdbc.JdbcSQLSyntaxErrorException: Syntax error in SQL statement "CREATE TABLE t_mp_month_plan_prod_final (id BIGINT PRIMARY KEY AUTO_INCREMENT COMMENT '主键ID', production_no VARCHAR(50) COMMENT '工单号', factory_code VARCHAR(50) COMMENT '工厂编码', [*]year INT COMMENT '年份', month INT COMMENT '月份', year_month INT COMMENT '年月YYYYMM', month_plan_version VARCHAR(50) COMMENT '销售生产需求计划版本', last_month_plan_version VARCHAR(50) COMMENT '最新需求计划版本', production_version VARCHAR(50) COMMENT '排产计划版本', product_type_code VARCHAR(50) COMMENT '产品品类', material_code VARCHAR(50) COMMENT '物料编码', material_desc VARCHAR(200) COMMENT '物料描述', mes_material_code VARCHAR(50) COMMENT 'MES物料编码', structure_name VARCHAR(100) COMMENT '产品结构', pro_size VARCHAR(20) COMMENT '英寸', product_category VARCHAR(50) COMMENT '产品分类', product_status VARCHAR(20) COMMENT '产品状态', structure_type VARCHAR(20) COMMENT '结构类型', production_type VARCHAR(50) COMMENT '排产分类', embryo_code VARCHAR(50) COMMENT '生胎代码', main_material_desc VARCHAR(200) COMMENT '主物料胎胚号', construction_stage VARCHAR(20) COMMENT '施工阶段', is_zero_rack VARCHAR(10) COMMENT '是否零度材料', embryo_no VARCHAR(50) COMMENT '制造示方书号', text_no VARCHAR(50) COMMENT '文字示方书号', lh_no VARCHAR(50) COMMENT '硫化示方书号', brand VARCHAR(50) COMMENT '品牌', specifications VARCHAR(100) COMMENT '规格', main_pattern VARCHAR(100) COMMENT '主花纹', pattern VARCHAR(100) COMMENT '花纹', mould_cavity_qty INT COMMENT '型腔数量', type_block_qty INT COMMENT '活块数量', height_qty INT COMMENT '高优先级数量', average_sale_qty INT COMMENT '月均销量', inventory_sales_ratio DECIMAL(10,4) COMMENT '库销比', day_vulcanization_qty INT COMMENT '日硫化量', cx_machine_code VARCHAR(500) COMMENT '成型机台信息', mould_change_info VARCHAR(100) COMMENT '模具使用变化信息', dynamic_balance_qty VARCHAR(100) COMMENT '动平衡数量', uniformity_qty INT COMMENT '均匀性数量', curing_time INT COMMENT '单条硫化时间分钟', prod_req_plan INT COMMENT '生产需求计划净需求', trial_qty INT COMMENT '试制量试计划需求量', height_production_qty INT COMMENT '高优先级排产数量', fact_prod_req_qty INT COMMENT '实际生产需求含损耗', total_qty INT COMMENT '生产实际排产量', mid_production_qty INT COMMENT '中优先级排产数量', cycle_production_qty INT COMMENT '周期排产储备排产数量', convention_production_qty INT COMMENT '常规储备排产数量', postpone_production_qty INT COMMENT '暂缓订单排产数量', trial_production_qty INT COMMENT '试制量试排产量', difference_qty INT COMMENT '差异量未排产数量', adjust_qty1 INT COMMENT '第1周调整量', adjust_qty2 INT COMMENT '第2周调整量', adjust_qty3 INT COMMENT '第3周调整量', adjust_qty4 INT COMMENT '第4周调整量', reason VARCHAR(500) COMMENT '未排产原因', begin_day INT COMMENT '开始日期', end_day INT COMMENT '结束日期', day_1 INT COMMENT '第1天排产量', day_2 INT COMMENT '第2天排产量', day_3 INT COMMENT '第3天排产量', day_4 INT COMMENT '第4天排产量', day_5 INT COMMENT '第5天排产量', day_6 INT COMMENT '第6天排产量', day_7 INT COMMENT '第7天排产量', day_8 INT COMMENT '第8天排产量', day_9 INT COMMENT '第9天排产量', day_10 INT COMMENT '第10天排产量', day_11 INT COMMENT '第11天排产量', day_12 INT COMMENT '第12天排产量', day_13 INT COMMENT '第13天排产量', day_14 INT COMMENT '第14天排产量', day_15 INT COMMENT '第15天排产量', day_16 INT COMMENT '第16天排产量', day_17 INT COMMENT '第17天排产量', day_18 INT COMMENT '第18天排产量', day_19 INT COMMENT '第19天排产量', day_20 INT COMMENT '第20天排产量', day_21 INT COMMENT '第21天排产量', day_22 INT COMMENT '第22天排产量', day_23 INT COMMENT '第23天排产量', day_24 INT COMMENT '第24天排产量', day_25 INT COMMENT '第25天排产量', day_26 INT COMMENT '第26天排产量', day_27 INT COMMENT '第27天排产量', day_28 INT COMMENT '第28天排产量', day_29 INT COMMENT '第29天排产量', day_30 INT COMMENT '第30天排产量', day_31 INT COMMENT '第31天排产量', total_vulcanization_minutes DECIMAL(15,2) COMMENT '硫化总工时', display_seq INT COMMENT '显示顺序', is_release VARCHAR(10) COMMENT '发布状态', is_import VARCHAR(10) COMMENT '是否EXCEL导入', production_sequence BIGINT COMMENT '排产顺序', create_time TIMESTAMP DEFAULT CURRENT_TIMESTAMP COMMENT '创建时间', update_time TIMESTAMP DEFAULT CURRENT_TIMESTAMP ON UPDATE CURRENT_TIMESTAMP COMMENT '更新时间', create_by VARCHAR(50) COMMENT '创建人', update_by VARCHAR(50) COMMENT '更新人', remark VARCHAR(500) COMMENT '备注', INDEX idx_year_month (year_month), INDEX idx_material_code (material_code), INDEX idx_production_no (production_no)) COMMENT='月度生产计划定稿表'"; expected "identifier"; SQL statement:
CREATE TABLE t_mp_month_plan_prod_final (id BIGINT PRIMARY KEY AUTO_INCREMENT COMMENT '主键ID', production_no VARCHAR(50) COMMENT '工单号', factory_code VARCHAR(50) COMMENT '工厂编码', year INT COMMENT '年份', month INT COMMENT '月份', year_month INT COMMENT '年月YYYYMM', month_plan_version VARCHAR(50) COMMENT '销售生产需求计划版本', last_month_plan_version VARCHAR(50) COMMENT '最新需求计划版本', production_version VARCHAR(50) COMMENT '排产计划版本', product_type_code VARCHAR(50) COMMENT '产品品类', material_code VARCHAR(50) COMMENT '物料编码', material_desc VARCHAR(200) COMMENT '物料描述', mes_material_code VARCHAR(50) COMMENT 'MES物料编码', structure_name VARCHAR(100) COMMENT '产品结构', pro_size VARCHAR(20) COMMENT '英寸', product_category VARCHAR(50) COMMENT '产品分类', product_status VARCHAR(20) COMMENT '产品状态', structure_type VARCHAR(20) COMMENT '结构类型', production_type VARCHAR(50) COMMENT '排产分类', embryo_code VARCHAR(50) COMMENT '生胎代码', main_material_desc VARCHAR(200) COMMENT '主物料胎胚号', construction_stage VARCHAR(20) COMMENT '施工阶段', is_zero_rack VARCHAR(10) COMMENT '是否零度材料', embryo_no VARCHAR(50) COMMENT '制造示方书号', text_no VARCHAR(50) COMMENT '文字示方书号', lh_no VARCHAR(50) COMMENT '硫化示方书号', brand VARCHAR(50) COMMENT '品牌', specifications VARCHAR(100) COMMENT '规格', main_pattern VARCHAR(100) COMMENT '主花纹', pattern VARCHAR(100) COMMENT '花纹', mould_cavity_qty INT COMMENT '型腔数量', type_block_qty INT COMMENT '活块数量', height_qty INT COMMENT '高优先级数量', average_sale_qty INT COMMENT '月均销量', inventory_sales_ratio DECIMAL(10,4) COMMENT '库销比', day_vulcanization_qty INT COMMENT '日硫化量', cx_machine_code VARCHAR(500) COMMENT '成型机台信息', mould_change_info VARCHAR(100) COMMENT '模具使用变化信息', dynamic_balance_qty VARCHAR(100) COMMENT '动平衡数量', uniformity_qty INT COMMENT '均匀性数量', curing_time INT COMMENT '单条硫化时间分钟', prod_req_plan INT COMMENT '生产需求计划净需求', trial_qty INT COMMENT '试制量试计划需求量', height_production_qty INT COMMENT '高优先级排产数量', fact_prod_req_qty INT COMMENT '实际生产需求含损耗', total_qty INT COMMENT '生产实际排产量', mid_production_qty INT COMMENT '中优先级排产数量', cycle_production_qty INT COMMENT '周期排产储备排产数量', convention_production_qty INT COMMENT '常规储备排产数量', postpone_production_qty INT COMMENT '暂缓订单排产数量', trial_production_qty INT COMMENT '试制量试排产量', difference_qty INT COMMENT '差异量未排产数量', adjust_qty1 INT COMMENT '第1周调整量', adjust_qty2 INT COMMENT '第2周调整量', adjust_qty3 INT COMMENT '第3周调整量', adjust_qty4 INT COMMENT '第4周调整量', reason VARCHAR(500) COMMENT '未排产原因', begin_day INT COMMENT '开始日期', end_day INT COMMENT '结束日期', day_1 INT COMMENT '第1天排产量', day_2 INT COMMENT '第2天排产量', day_3 INT COMMENT '第3天排产量', day_4 INT COMMENT '第4天排产量', day_5 INT COMMENT '第5天排产量', day_6 INT COMMENT '第6天排产量', day_7 INT COMMENT '第7天排产量', day_8 INT COMMENT '第8天排产量', day_9 INT COMMENT '第9天排产量', day_10 INT COMMENT '第10天排产量', day_11 INT COMMENT '第11天排产量', day_12 INT COMMENT '第12天排产量', day_13 INT COMMENT '第13天排产量', day_14 INT COMMENT '第14天排产量', day_15 INT COMMENT '第15天排产量', day_16 INT COMMENT '第16天排产量', day_17 INT COMMENT '第17天排产量', day_18 INT COMMENT '第18天排产量', day_19 INT COMMENT '第19天排产量', day_20 INT COMMENT '第20天排产量', day_21 INT COMMENT '第21天排产量', day_22 INT COMMENT '第22天排产量', day_23 INT COMMENT '第23天排产量', day_24 INT COMMENT '第24天排产量', day_25 INT COMMENT '第25天排产量', day_26 INT COMMENT '第26天排产量', day_27 INT COMMENT '第27天排产量', day_28 INT COMMENT '第28天排产量', day_29 INT COMMENT '第29天排产量', day_30 INT COMMENT '第30天排产量', day_31 INT COMMENT '第31天排产量', total_vulcanization_minutes DECIMAL(15,2) COMMENT '硫化总工时', display_seq INT COMMENT '显示顺序', is_release VARCHAR(10) COMMENT '发布状态', is_import VARCHAR(10) COMMENT '是否EXCEL导入', production_sequence BIGINT COMMENT '排产顺序', create_time TIMESTAMP DEFAULT CURRENT_TIMESTAMP COMMENT '创建时间', update_time TIMESTAMP DEFAULT CURRENT_TIMESTAMP ON UPDATE CURRENT_TIMESTAMP COMMENT '更新时间', create_by VARCHAR(50) COMMENT '创建人', update_by VARCHAR(50) COMMENT '更新人', remark VARCHAR(500) COMMENT '备注', INDEX idx_year_month (year_month), INDEX idx_material_code (material_code), INDEX idx_production_no (production_no)) COMMENT='月度生产计划定稿表' [42001-214]
	at org.springframework.jdbc.support.SQLErrorCodeSQLExceptionTranslator.doTranslate(SQLErrorCodeSQLExceptionTranslator.java:236)
	at org.springframework.jdbc.support.AbstractFallbackSQLExceptionTranslator.translate(AbstractFallbackSQLExceptionTranslator.java:73)
	at org.springframework.jdbc.core.JdbcTemplate.translateException(JdbcTemplate.java:1577)
	at org.springframework.jdbc.core.JdbcTemplate.execute(JdbcTemplate.java:398)
	at org.springframework.jdbc.core.JdbcTemplate.execute(JdbcTemplate.java:436)
	at com.jinyu.aps.config.DatabaseInitializer.createMonthPlanFinalTable(DatabaseInitializer.java:323)
	at com.jinyu.aps.config.DatabaseInitializer.run(DatabaseInitializer.java:46)
	at org.springframework.boot.SpringApplication.callRunner(SpringApplication.java:765)
	... 100 more
Caused by: org.h2.jdbc.JdbcSQLSyntaxErrorException: Syntax error in SQL statement "CREATE TABLE t_mp_month_plan_prod_final (id BIGINT PRIMARY KEY AUTO_INCREMENT COMMENT '主键ID', production_no VARCHAR(50) COMMENT '工单号', factory_code VARCHAR(50) COMMENT '工厂编码', [*]year INT COMMENT '年份', month INT COMMENT '月份', year_month INT COMMENT '年月YYYYMM', month_plan_version VARCHAR(50) COMMENT '销售生产需求计划版本', last_month_plan_version VARCHAR(50) COMMENT '最新需求计划版本', production_version VARCHAR(50) COMMENT '排产计划版本', product_type_code VARCHAR(50) COMMENT '产品品类', material_code VARCHAR(50) COMMENT '物料编码', material_desc VARCHAR(200) COMMENT '物料描述', mes_material_code VARCHAR(50) COMMENT 'MES物料编码', structure_name VARCHAR(100) COMMENT '产品结构', pro_size VARCHAR(20) COMMENT '英寸', product_category VARCHAR(50) COMMENT '产品分类', product_status VARCHAR(20) COMMENT '产品状态', structure_type VARCHAR(20) COMMENT '结构类型', production_type VARCHAR(50) COMMENT '排产分类', embryo_code VARCHAR(50) COMMENT '生胎代码', main_material_desc VARCHAR(200) COMMENT '主物料胎胚号', construction_stage VARCHAR(20) COMMENT '施工阶段', is_zero_rack VARCHAR(10) COMMENT '是否零度材料', embryo_no VARCHAR(50) COMMENT '制造示方书号', text_no VARCHAR(50) COMMENT '文字示方书号', lh_no VARCHAR(50) COMMENT '硫化示方书号', brand VARCHAR(50) COMMENT '品牌', specifications VARCHAR(100) COMMENT '规格', main_pattern VARCHAR(100) COMMENT '主花纹', pattern VARCHAR(100) COMMENT '花纹', mould_cavity_qty INT COMMENT '型腔数量', type_block_qty INT COMMENT '活块数量', height_qty INT COMMENT '高优先级数量', average_sale_qty INT COMMENT '月均销量', inventory_sales_ratio DECIMAL(10,4) COMMENT '库销比', day_vulcanization_qty INT COMMENT '日硫化量', cx_machine_code VARCHAR(500) COMMENT '成型机台信息', mould_change_info VARCHAR(100) COMMENT '模具使用变化信息', dynamic_balance_qty VARCHAR(100) COMMENT '动平衡数量', uniformity_qty INT COMMENT '均匀性数量', curing_time INT COMMENT '单条硫化时间分钟', prod_req_plan INT COMMENT '生产需求计划净需求', trial_qty INT COMMENT '试制量试计划需求量', height_production_qty INT COMMENT '高优先级排产数量', fact_prod_req_qty INT COMMENT '实际生产需求含损耗', total_qty INT COMMENT '生产实际排产量', mid_production_qty INT COMMENT '中优先级排产数量', cycle_production_qty INT COMMENT '周期排产储备排产数量', convention_production_qty INT COMMENT '常规储备排产数量', postpone_production_qty INT COMMENT '暂缓订单排产数量', trial_production_qty INT COMMENT '试制量试排产量', difference_qty INT COMMENT '差异量未排产数量', adjust_qty1 INT COMMENT '第1周调整量', adjust_qty2 INT COMMENT '第2周调整量', adjust_qty3 INT COMMENT '第3周调整量', adjust_qty4 INT COMMENT '第4周调整量', reason VARCHAR(500) COMMENT '未排产原因', begin_day INT COMMENT '开始日期', end_day INT COMMENT '结束日期', day_1 INT COMMENT '第1天排产量', day_2 INT COMMENT '第2天排产量', day_3 INT COMMENT '第3天排产量', day_4 INT COMMENT '第4天排产量', day_5 INT COMMENT '第5天排产量', day_6 INT COMMENT '第6天排产量', day_7 INT COMMENT '第7天排产量', day_8 INT COMMENT '第8天排产量', day_9 INT COMMENT '第9天排产量', day_10 INT COMMENT '第10天排产量', day_11 INT COMMENT '第11天排产量', day_12 INT COMMENT '第12天排产量', day_13 INT COMMENT '第13天排产量', day_14 INT COMMENT '第14天排产量', day_15 INT COMMENT '第15天排产量', day_16 INT COMMENT '第16天排产量', day_17 INT COMMENT '第17天排产量', day_18 INT COMMENT '第18天排产量', day_19 INT COMMENT '第19天排产量', day_20 INT COMMENT '第20天排产量', day_21 INT COMMENT '第21天排产量', day_22 INT COMMENT '第22天排产量', day_23 INT COMMENT '第23天排产量', day_24 INT COMMENT '第24天排产量', day_25 INT COMMENT '第25天排产量', day_26 INT COMMENT '第26天排产量', day_27 INT COMMENT '第27天排产量', day_28 INT COMMENT '第28天排产量', day_29 INT COMMENT '第29天排产量', day_30 INT COMMENT '第30天排产量', day_31 INT COMMENT '第31天排产量', total_vulcanization_minutes DECIMAL(15,2) COMMENT '硫化总工时', display_seq INT COMMENT '显示顺序', is_release VARCHAR(10) COMMENT '发布状态', is_import VARCHAR(10) COMMENT '是否EXCEL导入', production_sequence BIGINT COMMENT '排产顺序', create_time TIMESTAMP DEFAULT CURRENT_TIMESTAMP COMMENT '创建时间', update_time TIMESTAMP DEFAULT CURRENT_TIMESTAMP ON UPDATE CURRENT_TIMESTAMP COMMENT '更新时间', create_by VARCHAR(50) COMMENT '创建人', update_by VARCHAR(50) COMMENT '更新人', remark VARCHAR(500) COMMENT '备注', INDEX idx_year_month (year_month), INDEX idx_material_code (material_code), INDEX idx_production_no (production_no)) COMMENT='月度生产计划定稿表'"; expected "identifier"; SQL statement:
CREATE TABLE t_mp_month_plan_prod_final (id BIGINT PRIMARY KEY AUTO_INCREMENT COMMENT '主键ID', production_no VARCHAR(50) COMMENT '工单号', factory_code VARCHAR(50) COMMENT '工厂编码', year INT COMMENT '年份', month INT COMMENT '月份', year_month INT COMMENT '年月YYYYMM', month_plan_version VARCHAR(50) COMMENT '销售生产需求计划版本', last_month_plan_version VARCHAR(50) COMMENT '最新需求计划版本', production_version VARCHAR(50) COMMENT '排产计划版本', product_type_code VARCHAR(50) COMMENT '产品品类', material_code VARCHAR(50) COMMENT '物料编码', material_desc VARCHAR(200) COMMENT '物料描述', mes_material_code VARCHAR(50) COMMENT 'MES物料编码', structure_name VARCHAR(100) COMMENT '产品结构', pro_size VARCHAR(20) COMMENT '英寸', product_category VARCHAR(50) COMMENT '产品分类', product_status VARCHAR(20) COMMENT '产品状态', structure_type VARCHAR(20) COMMENT '结构类型', production_type VARCHAR(50) COMMENT '排产分类', embryo_code VARCHAR(50) COMMENT '生胎代码', main_material_desc VARCHAR(200) COMMENT '主物料胎胚号', construction_stage VARCHAR(20) COMMENT '施工阶段', is_zero_rack VARCHAR(10) COMMENT '是否零度材料', embryo_no VARCHAR(50) COMMENT '制造示方书号', text_no VARCHAR(50) COMMENT '文字示方书号', lh_no VARCHAR(50) COMMENT '硫化示方书号', brand VARCHAR(50) COMMENT '品牌', specifications VARCHAR(100) COMMENT '规格', main_pattern VARCHAR(100) COMMENT '主花纹', pattern VARCHAR(100) COMMENT '花纹', mould_cavity_qty INT COMMENT '型腔数量', type_block_qty INT COMMENT '活块数量', height_qty INT COMMENT '高优先级数量', average_sale_qty INT COMMENT '月均销量', inventory_sales_ratio DECIMAL(10,4) COMMENT '库销比', day_vulcanization_qty INT COMMENT '日硫化量', cx_machine_code VARCHAR(500) COMMENT '成型机台信息', mould_change_info VARCHAR(100) COMMENT '模具使用变化信息', dynamic_balance_qty VARCHAR(100) COMMENT '动平衡数量', uniformity_qty INT COMMENT '均匀性数量', curing_time INT COMMENT '单条硫化时间分钟', prod_req_plan INT COMMENT '生产需求计划净需求', trial_qty INT COMMENT '试制量试计划需求量', height_production_qty INT COMMENT '高优先级排产数量', fact_prod_req_qty INT COMMENT '实际生产需求含损耗', total_qty INT COMMENT '生产实际排产量', mid_production_qty INT COMMENT '中优先级排产数量', cycle_production_qty INT COMMENT '周期排产储备排产数量', convention_production_qty INT COMMENT '常规储备排产数量', postpone_production_qty INT COMMENT '暂缓订单排产数量', trial_production_qty INT COMMENT '试制量试排产量', difference_qty INT COMMENT '差异量未排产数量', adjust_qty1 INT COMMENT '第1周调整量', adjust_qty2 INT COMMENT '第2周调整量', adjust_qty3 INT COMMENT '第3周调整量', adjust_qty4 INT COMMENT '第4周调整量', reason VARCHAR(500) COMMENT '未排产原因', begin_day INT COMMENT '开始日期', end_day INT COMMENT '结束日期', day_1 INT COMMENT '第1天排产量', day_2 INT COMMENT '第2天排产量', day_3 INT COMMENT '第3天排产量', day_4 INT COMMENT '第4天排产量', day_5 INT COMMENT '第5天排产量', day_6 INT COMMENT '第6天排产量', day_7 INT COMMENT '第7天排产量', day_8 INT COMMENT '第8天排产量', day_9 INT COMMENT '第9天排产量', day_10 INT COMMENT '第10天排产量', day_11 INT COMMENT '第11天排产量', day_12 INT COMMENT '第12天排产量', day_13 INT COMMENT '第13天排产量', day_14 INT COMMENT '第14天排产量', day_15 INT COMMENT '第15天排产量', day_16 INT COMMENT '第16天排产量', day_17 INT COMMENT '第17天排产量', day_18 INT COMMENT '第18天排产量', day_19 INT COMMENT '第19天排产量', day_20 INT COMMENT '第20天排产量', day_21 INT COMMENT '第21天排产量', day_22 INT COMMENT '第22天排产量', day_23 INT COMMENT '第23天排产量', day_24 INT COMMENT '第24天排产量', day_25 INT COMMENT '第25天排产量', day_26 INT COMMENT '第26天排产量', day_27 INT COMMENT '第27天排产量', day_28 INT COMMENT '第28天排产量', day_29 INT COMMENT '第29天排产量', day_30 INT COMMENT '第30天排产量', day_31 INT COMMENT '第31天排产量', total_vulcanization_minutes DECIMAL(15,2) COMMENT '硫化总工时', display_seq INT COMMENT '显示顺序', is_release VARCHAR(10) COMMENT '发布状态', is_import VARCHAR(10) COMMENT '是否EXCEL导入', production_sequence BIGINT COMMENT '排产顺序', create_time TIMESTAMP DEFAULT CURRENT_TIMESTAMP COMMENT '创建时间', update_time TIMESTAMP DEFAULT CURRENT_TIMESTAMP ON UPDATE CURRENT_TIMESTAMP COMMENT '更新时间', create_by VARCHAR(50) COMMENT '创建人', update_by VARCHAR(50) COMMENT '更新人', remark VARCHAR(500) COMMENT '备注', INDEX idx_year_month (year_month), INDEX idx_material_code (material_code), INDEX idx_production_no (production_no)) COMMENT='月度生产计划定稿表' [42001-214]
	at org.h2.message.DbException.getJdbcSQLException(DbException.java:502)
	at org.h2.message.DbException.getJdbcSQLException(DbException.java:477)
	at org.h2.message.DbException.getSyntaxError(DbException.java:261)
	at org.h2.command.Parser.readIdentifier(Parser.java:5656)
	at org.h2.command.Parser.parseTableColumnDefinition(Parser.java:9326)
	at org.h2.command.Parser.parseCreateTable(Parser.java:9271)
	at org.h2.command.Parser.parseCreate(Parser.java:6784)
	at org.h2.command.Parser.parsePrepared(Parser.java:763)
	at org.h2.command.Parser.parse(Parser.java:689)
	at org.h2.command.Parser.parse(Parser.java:661)
	at org.h2.command.Parser.prepareCommand(Parser.java:569)
	at org.h2.engine.SessionLocal.prepareLocal(SessionLocal.java:631)
	at org.h2.engine.SessionLocal.prepareCommand(SessionLocal.java:554)
	at org.h2.jdbc.JdbcConnection.prepareCommand(JdbcConnection.java:1116)
	at org.h2.jdbc.JdbcStatement.executeInternal(JdbcStatement.java:237)
	at org.h2.jdbc.JdbcStatement.execute(JdbcStatement.java:223)
	at com.zaxxer.hikari.pool.ProxyStatement.execute(ProxyStatement.java:94)
	at com.zaxxer.hikari.pool.HikariProxyStatement.execute(HikariProxyStatement.java)
	at org.springframework.jdbc.core.JdbcTemplate$1ExecuteStatementCallback.doInStatement(JdbcTemplate.java:427)
	at org.springframework.jdbc.core.JdbcTemplate.execute(JdbcTemplate.java:383)
	... 104 more

