<?xml version="1.0" encoding="UTF-8"?>
<testsuite xmlns:xsi="http://www.w3.org/2001/XMLSchema-instance" xsi:noNamespaceSchemaLocation="https://maven.apache.org/surefire/maven-surefire-plugin/xsd/surefire-test-report-3.0.xsd" version="3.0" name="com.jinyu.aps.service.PerformanceTest$StressTests" time="0.072" tests="3" errors="0" skipped="0" failures="1">
  <properties>
[...]
</properties>
  <testcase name="testStress_HighConstraints" classname="com.jinyu.aps.service.PerformanceTest$StressTests" time="0.021">
    <system-out><![CDATA[12:06:39.618 [main] INFO com.jinyu.aps.service.AlgorithmServiceOptimized - 开始试错分配算法（优化版），任务数: 20, 机台数: 3
12:06:39.637 [main] WARN com.jinyu.aps.service.AlgorithmServiceOptimized - 剪枝触发，尝试次数: 2001
12:06:39.637 [main] WARN com.jinyu.aps.service.AlgorithmServiceOptimized - 剪枝触发，尝试次数: 2002
12:06:39.637 [main] WARN com.jinyu.aps.service.AlgorithmServiceOptimized - 剪枝触发，尝试次数: 2003
12:06:39.637 [main] WARN com.jinyu.aps.service.AlgorithmServiceOptimized - 剪枝触发，尝试次数: 2004
12:06:39.637 [main] WARN com.jinyu.aps.service.AlgorithmServiceOptimized - 剪枝触发，尝试次数: 2005
12:06:39.637 [main] WARN com.jinyu.aps.service.AlgorithmServiceOptimized - 剪枝触发，尝试次数: 2006
12:06:39.637 [main] WARN com.jinyu.aps.service.AlgorithmServiceOptimized - 剪枝触发，尝试次数: 2007
12:06:39.637 [main] WARN com.jinyu.aps.service.AlgorithmServiceOptimized - 剪枝触发，尝试次数: 2008
12:06:39.637 [main] WARN com.jinyu.aps.service.AlgorithmServiceOptimized - 试错分配失败，耗时: 19ms
12:06:39.637 [main] INFO PERFORMANCE - === 性能指标 ===
12:06:39.637 [main] INFO PERFORMANCE - 总耗时: 19ms
12:06:39.637 [main] INFO PERFORMANCE - 总分配次数: 2008
12:06:39.637 [main] INFO PERFORMANCE - 缓存命中次数: 3973
12:06:39.637 [main] INFO PERFORMANCE - 回溯次数: 2008
12:06:39.637 [main] INFO PERFORMANCE - 缓存命中率: 197.86%
=== 高约束压力测试 ===
耗时: 19ms
成功: false
分配明细数: 0
]]></system-out>
  </testcase>
  <testcase name="testStress_CapacityBottleneck" classname="com.jinyu.aps.service.PerformanceTest$StressTests" time="0.009">
    <system-out><![CDATA[12:06:39.640 [main] INFO com.jinyu.aps.service.AlgorithmServiceOptimized - 开始试错分配算法（优化版），任务数: 20, 机台数: 5
12:06:39.647 [main] WARN com.jinyu.aps.service.AlgorithmServiceOptimized - 试错分配失败，耗时: 7ms
12:06:39.647 [main] INFO PERFORMANCE - === 性能指标 ===
12:06:39.647 [main] INFO PERFORMANCE - 总耗时: 7ms
12:06:39.647 [main] INFO PERFORMANCE - 总分配次数: 325
12:06:39.647 [main] INFO PERFORMANCE - 缓存命中次数: 626
12:06:39.647 [main] INFO PERFORMANCE - 回溯次数: 325
12:06:39.647 [main] INFO PERFORMANCE - 缓存命中率: 192.62%
=== 产能瓶颈压力测试 ===
耗时: 7ms
成功: false
实际分配量: 0
]]></system-out>
  </testcase>
  <testcase name="testStress_MultipleIterations" classname="com.jinyu.aps.service.PerformanceTest$StressTests" time="0.036">
    <failure message="性能应稳定，最大耗时不应超过平均耗时的2倍 ==&gt; expected: &lt;true&gt; but was: &lt;false&gt;" type="org.opentest4j.AssertionFailedError"><![CDATA[org.opentest4j.AssertionFailedError: 性能应稳定，最大耗时不应超过平均耗时的2倍 ==> expected: <true> but was: <false>
	at org.junit.jupiter.api.AssertionUtils.fail(AssertionUtils.java:55)
	at org.junit.jupiter.api.AssertTrue.assertTrue(AssertTrue.java:40)
	at org.junit.jupiter.api.Assertions.assertTrue(Assertions.java:210)
	at com.jinyu.aps.service.PerformanceTest$StressTests.testStress_MultipleIterations(PerformanceTest.java:208)
	at java.base/jdk.internal.reflect.NativeMethodAccessorImpl.invoke0(Native Method)
	at java.base/jdk.internal.reflect.NativeMethodAccessorImpl.invoke(NativeMethodAccessorImpl.java:62)
	at java.base/jdk.internal.reflect.DelegatingMethodAccessorImpl.invoke(DelegatingMethodAccessorImpl.java:43)
	at java.base/java.lang.reflect.Method.invoke(Method.java:566)
	at org.junit.platform.commons.util.ReflectionUtils.invokeMethod(ReflectionUtils.java:725)
	at org.junit.jupiter.engine.execution.MethodInvocation.proceed(MethodInvocation.java:60)
	at org.junit.jupiter.engine.execution.InvocationInterceptorChain$ValidatingInvocation.proceed(InvocationInterceptorChain.java:131)
	at org.junit.jupiter.engine.extension.TimeoutInvocation.proceed(TimeoutInvocation.java:46)
	at org.junit.jupiter.engine.extension.TimeoutExtension.intercept(TimeoutExtension.java:149)
	at org.junit.jupiter.engine.extension.TimeoutExtension.interceptTestableMethod(TimeoutExtension.java:140)
	at org.junit.jupiter.engine.extension.TimeoutExtension.interceptTestMethod(TimeoutExtension.java:84)
	at org.junit.jupiter.engine.execution.ExecutableInvoker$ReflectiveInterceptorCall.lambda$ofVoidMethod$0(ExecutableInvoker.java:115)
	at org.junit.jupiter.engine.execution.ExecutableInvoker.lambda$invoke$0(ExecutableInvoker.java:105)
	at org.junit.jupiter.engine.execution.InvocationInterceptorChain$InterceptedInvocation.proceed(InvocationInterceptorChain.java:106)
	at org.junit.jupiter.engine.execution.InvocationInterceptorChain.proceed(InvocationInterceptorChain.java:64)
	at org.junit.jupiter.engine.execution.InvocationInterceptorChain.chainAndInvoke(InvocationInterceptorChain.java:45)
	at org.junit.jupiter.engine.execution.InvocationInterceptorChain.invoke(InvocationInterceptorChain.java:37)
	at org.junit.jupiter.engine.execution.ExecutableInvoker.invoke(ExecutableInvoker.java:104)
	at org.junit.jupiter.engine.execution.ExecutableInvoker.invoke(ExecutableInvoker.java:98)
	at org.junit.jupiter.engine.descriptor.TestMethodTestDescriptor.lambda$invokeTestMethod$7(TestMethodTestDescriptor.java:214)
	at org.junit.platform.engine.support.hierarchical.ThrowableCollector.execute(ThrowableCollector.java:73)
	at org.junit.jupiter.engine.descriptor.TestMethodTestDescriptor.invokeTestMethod(TestMethodTestDescriptor.java:210)
	at org.junit.jupiter.engine.descriptor.TestMethodTestDescriptor.execute(TestMethodTestDescriptor.java:135)
	at org.junit.jupiter.engine.descriptor.TestMethodTestDescriptor.execute(TestMethodTestDescriptor.java:66)
	at org.junit.platform.engine.support.hierarchical.NodeTestTask.lambda$executeRecursively$6(NodeTestTask.java:151)
	at org.junit.platform.engine.support.hierarchical.ThrowableCollector.execute(ThrowableCollector.java:73)
	at org.junit.platform.engine.support.hierarchical.NodeTestTask.lambda$executeRecursively$8(NodeTestTask.java:141)
	at org.junit.platform.engine.support.hierarchical.Node.around(Node.java:137)
	at org.junit.platform.engine.support.hierarchical.NodeTestTask.lambda$executeRecursively$9(NodeTestTask.java:139)
	at org.junit.platform.engine.support.hierarchical.ThrowableCollector.execute(ThrowableCollector.java:73)
	at org.junit.platform.engine.support.hierarchical.NodeTestTask.executeRecursively(NodeTestTask.java:138)
	at org.junit.platform.engine.support.hierarchical.NodeTestTask.execute(NodeTestTask.java:95)
	at java.base/java.util.ArrayList.forEach(ArrayList.java:1541)
	at org.junit.platform.engine.support.hierarchical.SameThreadHierarchicalTestExecutorService.invokeAll(SameThreadHierarchicalTestExecutorService.java:41)
	at org.junit.platform.engine.support.hierarchical.NodeTestTask.lambda$executeRecursively$6(NodeTestTask.java:155)
	at org.junit.platform.engine.support.hierarchical.ThrowableCollector.execute(ThrowableCollector.java:73)
	at org.junit.platform.engine.support.hierarchical.NodeTestTask.lambda$executeRecursively$8(NodeTestTask.java:141)
	at org.junit.platform.engine.support.hierarchical.Node.around(Node.java:137)
	at org.junit.platform.engine.support.hierarchical.NodeTestTask.lambda$executeRecursively$9(NodeTestTask.java:139)
	at org.junit.platform.engine.support.hierarchical.ThrowableCollector.execute(ThrowableCollector.java:73)
	at org.junit.platform.engine.support.hierarchical.NodeTestTask.executeRecursively(NodeTestTask.java:138)
	at org.junit.platform.engine.support.hierarchical.NodeTestTask.execute(NodeTestTask.java:95)
	at java.base/java.util.ArrayList.forEach(ArrayList.java:1541)
	at org.junit.platform.engine.support.hierarchical.SameThreadHierarchicalTestExecutorService.invokeAll(SameThreadHierarchicalTestExecutorService.java:41)
	at org.junit.platform.engine.support.hierarchical.NodeTestTask.lambda$executeRecursively$6(NodeTestTask.java:155)
	at org.junit.platform.engine.support.hierarchical.ThrowableCollector.execute(ThrowableCollector.java:73)
	at org.junit.platform.engine.support.hierarchical.NodeTestTask.lambda$executeRecursively$8(NodeTestTask.java:141)
	at org.junit.platform.engine.support.hierarchical.Node.around(Node.java:137)
	at org.junit.platform.engine.support.hierarchical.NodeTestTask.lambda$executeRecursively$9(NodeTestTask.java:139)
	at org.junit.platform.engine.support.hierarchical.ThrowableCollector.execute(ThrowableCollector.java:73)
	at org.junit.platform.engine.support.hierarchical.NodeTestTask.executeRecursively(NodeTestTask.java:138)
	at org.junit.platform.engine.support.hierarchical.NodeTestTask.execute(NodeTestTask.java:95)
	at java.base/java.util.ArrayList.forEach(ArrayList.java:1541)
	at org.junit.platform.engine.support.hierarchical.SameThreadHierarchicalTestExecutorService.invokeAll(SameThreadHierarchicalTestExecutorService.java:41)
	at org.junit.platform.engine.support.hierarchical.NodeTestTask.lambda$executeRecursively$6(NodeTestTask.java:155)
	at org.junit.platform.engine.support.hierarchical.ThrowableCollector.execute(ThrowableCollector.java:73)
	at org.junit.platform.engine.support.hierarchical.NodeTestTask.lambda$executeRecursively$8(NodeTestTask.java:141)
	at org.junit.platform.engine.support.hierarchical.Node.around(Node.java:137)
	at org.junit.platform.engine.support.hierarchical.NodeTestTask.lambda$executeRecursively$9(NodeTestTask.java:139)
	at org.junit.platform.engine.support.hierarchical.ThrowableCollector.execute(ThrowableCollector.java:73)
	at org.junit.platform.engine.support.hierarchical.NodeTestTask.executeRecursively(NodeTestTask.java:138)
	at org.junit.platform.engine.support.hierarchical.NodeTestTask.execute(NodeTestTask.java:95)
	at org.junit.platform.engine.support.hierarchical.SameThreadHierarchicalTestExecutorService.submit(SameThreadHierarchicalTestExecutorService.java:35)
	at org.junit.platform.engine.support.hierarchical.HierarchicalTestExecutor.execute(HierarchicalTestExecutor.java:57)
	at org.junit.platform.engine.support.hierarchical.HierarchicalTestEngine.execute(HierarchicalTestEngine.java:54)
	at org.junit.platform.launcher.core.EngineExecutionOrchestrator.execute(EngineExecutionOrchestrator.java:107)
	at org.junit.platform.launcher.core.EngineExecutionOrchestrator.execute(EngineExecutionOrchestrator.java:88)
	at org.junit.platform.launcher.core.EngineExecutionOrchestrator.lambda$execute$0(EngineExecutionOrchestrator.java:54)
	at org.junit.platform.launcher.core.EngineExecutionOrchestrator.withInterceptedStreams(EngineExecutionOrchestrator.java:67)
	at org.junit.platform.launcher.core.EngineExecutionOrchestrator.execute(EngineExecutionOrchestrator.java:52)
	at org.junit.platform.launcher.core.DefaultLauncher.execute(DefaultLauncher.java:114)
	at org.junit.platform.launcher.core.DefaultLauncher.execute(DefaultLauncher.java:86)
	at org.junit.platform.launcher.core.DefaultLauncherSession$DelegatingLauncher.execute(DefaultLauncherSession.java:86)
	at org.apache.maven.surefire.junitplatform.LazyLauncher.execute(LazyLauncher.java:50)
	at org.apache.maven.surefire.junitplatform.JUnitPlatformProvider.execute(JUnitPlatformProvider.java:184)
	at org.apache.maven.surefire.junitplatform.JUnitPlatformProvider.invokeAllTests(JUnitPlatformProvider.java:148)
	at org.apache.maven.surefire.junitplatform.JUnitPlatformProvider.invoke(JUnitPlatformProvider.java:122)
	at org.apache.maven.surefire.booter.ForkedBooter.runSuitesInProcess(ForkedBooter.java:385)
	at org.apache.maven.surefire.booter.ForkedBooter.execute(ForkedBooter.java:162)
	at org.apache.maven.surefire.booter.ForkedBooter.run(ForkedBooter.java:507)
	at org.apache.maven.surefire.booter.ForkedBooter.main(ForkedBooter.java:495)
]]></failure>
    <system-out><![CDATA[12:06:39.651 [main] INFO com.jinyu.aps.service.AlgorithmServiceOptimized - 开始试错分配算法（优化版），任务数: 20, 机台数: 8
12:06:39.652 [main] INFO com.jinyu.aps.service.AlgorithmServiceOptimized - 试错分配完成，耗时: 1ms, 分配数: 20
12:06:39.652 [main] INFO PERFORMANCE - === 性能指标 ===
12:06:39.652 [main] INFO PERFORMANCE - 总耗时: 1ms
12:06:39.652 [main] INFO PERFORMANCE - 总分配次数: 20
12:06:39.652 [main] INFO PERFORMANCE - 缓存命中次数: 20
12:06:39.652 [main] INFO PERFORMANCE - 回溯次数: 0
12:06:39.652 [main] INFO PERFORMANCE - 缓存命中率: 100.00%
12:06:39.652 [main] INFO com.jinyu.aps.service.AlgorithmServiceOptimized - 开始试错分配算法（优化版），任务数: 20, 机台数: 8
12:06:39.653 [main] INFO com.jinyu.aps.service.AlgorithmServiceOptimized - 试错分配完成，耗时: 1ms, 分配数: 20
12:06:39.653 [main] INFO PERFORMANCE - === 性能指标 ===
12:06:39.653 [main] INFO PERFORMANCE - 总耗时: 1ms
12:06:39.653 [main] INFO PERFORMANCE - 总分配次数: 40
12:06:39.653 [main] INFO PERFORMANCE - 缓存命中次数: 40
12:06:39.653 [main] INFO PERFORMANCE - 回溯次数: 0
12:06:39.653 [main] INFO PERFORMANCE - 缓存命中率: 100.00%
12:06:39.653 [main] INFO com.jinyu.aps.service.AlgorithmServiceOptimized - 开始试错分配算法（优化版），任务数: 20, 机台数: 8
12:06:39.653 [main] INFO com.jinyu.aps.service.AlgorithmServiceOptimized - 试错分配完成，耗时: 0ms, 分配数: 20
12:06:39.654 [main] INFO PERFORMANCE - === 性能指标 ===
12:06:39.654 [main] INFO PERFORMANCE - 总耗时: 0ms
12:06:39.654 [main] INFO PERFORMANCE - 总分配次数: 60
12:06:39.654 [main] INFO PERFORMANCE - 缓存命中次数: 60
12:06:39.654 [main] INFO PERFORMANCE - 回溯次数: 0
12:06:39.654 [main] INFO PERFORMANCE - 缓存命中率: 100.00%
12:06:39.654 [main] INFO com.jinyu.aps.service.AlgorithmServiceOptimized - 开始试错分配算法（优化版），任务数: 20, 机台数: 8
12:06:39.654 [main] INFO com.jinyu.aps.service.AlgorithmServiceOptimized - 试错分配完成，耗时: 0ms, 分配数: 20
12:06:39.654 [main] INFO PERFORMANCE - === 性能指标 ===
12:06:39.654 [main] INFO PERFORMANCE - 总耗时: 0ms
12:06:39.654 [main] INFO PERFORMANCE - 总分配次数: 80
12:06:39.654 [main] INFO PERFORMANCE - 缓存命中次数: 80
12:06:39.654 [main] INFO PERFORMANCE - 回溯次数: 0
12:06:39.655 [main] INFO PERFORMANCE - 缓存命中率: 100.00%
12:06:39.655 [main] INFO com.jinyu.aps.service.AlgorithmServiceOptimized - 开始试错分配算法（优化版），任务数: 20, 机台数: 8
12:06:39.655 [main] INFO com.jinyu.aps.service.AlgorithmServiceOptimized - 试错分配完成，耗时: 0ms, 分配数: 20
12:06:39.655 [main] INFO PERFORMANCE - === 性能指标 ===
12:06:39.655 [main] INFO PERFORMANCE - 总耗时: 0ms
12:06:39.655 [main] INFO PERFORMANCE - 总分配次数: 100
12:06:39.655 [main] INFO PERFORMANCE - 缓存命中次数: 100
12:06:39.655 [main] INFO PERFORMANCE - 回溯次数: 0
12:06:39.655 [main] INFO PERFORMANCE - 缓存命中率: 100.00%
12:06:39.655 [main] INFO com.jinyu.aps.service.AlgorithmServiceOptimized - 开始试错分配算法（优化版），任务数: 20, 机台数: 8
12:06:39.664 [main] INFO com.jinyu.aps.service.AlgorithmServiceOptimized - 试错分配完成，耗时: 9ms, 分配数: 20
12:06:39.664 [main] INFO PERFORMANCE - === 性能指标 ===
12:06:39.664 [main] INFO PERFORMANCE - 总耗时: 9ms
12:06:39.664 [main] INFO PERFORMANCE - 总分配次数: 120
12:06:39.664 [main] INFO PERFORMANCE - 缓存命中次数: 120
12:06:39.664 [main] INFO PERFORMANCE - 回溯次数: 0
12:06:39.664 [main] INFO PERFORMANCE - 缓存命中率: 100.00%
12:06:39.664 [main] INFO com.jinyu.aps.service.AlgorithmServiceOptimized - 开始试错分配算法（优化版），任务数: 20, 机台数: 8
12:06:39.670 [main] INFO com.jinyu.aps.service.AlgorithmServiceOptimized - 试错分配完成，耗时: 6ms, 分配数: 20
12:06:39.671 [main] INFO PERFORMANCE - === 性能指标 ===
12:06:39.671 [main] INFO PERFORMANCE - 总耗时: 6ms
12:06:39.671 [main] INFO PERFORMANCE - 总分配次数: 140
12:06:39.671 [main] INFO PERFORMANCE - 缓存命中次数: 140
12:06:39.671 [main] INFO PERFORMANCE - 回溯次数: 0
12:06:39.671 [main] INFO PERFORMANCE - 缓存命中率: 100.00%
12:06:39.674 [main] INFO com.jinyu.aps.service.AlgorithmServiceOptimized - 开始试错分配算法（优化版），任务数: 20, 机台数: 8
12:06:39.675 [main] INFO com.jinyu.aps.service.AlgorithmServiceOptimized - 试错分配完成，耗时: 1ms, 分配数: 20
12:06:39.675 [main] INFO PERFORMANCE - === 性能指标 ===
12:06:39.675 [main] INFO PERFORMANCE - 总耗时: 1ms
12:06:39.675 [main] INFO PERFORMANCE - 总分配次数: 160
12:06:39.675 [main] INFO PERFORMANCE - 缓存命中次数: 160
12:06:39.675 [main] INFO PERFORMANCE - 回溯次数: 0
12:06:39.675 [main] INFO PERFORMANCE - 缓存命中率: 100.00%
12:06:39.675 [main] INFO com.jinyu.aps.service.AlgorithmServiceOptimized - 开始试错分配算法（优化版），任务数: 20, 机台数: 8
12:06:39.676 [main] INFO com.jinyu.aps.service.AlgorithmServiceOptimized - 试错分配完成，耗时: 1ms, 分配数: 20
12:06:39.676 [main] INFO PERFORMANCE - === 性能指标 ===
12:06:39.676 [main] INFO PERFORMANCE - 总耗时: 1ms
12:06:39.676 [main] INFO PERFORMANCE - 总分配次数: 180
12:06:39.676 [main] INFO PERFORMANCE - 缓存命中次数: 180
12:06:39.676 [main] INFO PERFORMANCE - 回溯次数: 0
12:06:39.676 [main] INFO PERFORMANCE - 缓存命中率: 100.00%
12:06:39.677 [main] INFO com.jinyu.aps.service.AlgorithmServiceOptimized - 开始试错分配算法（优化版），任务数: 20, 机台数: 8
12:06:39.678 [main] INFO com.jinyu.aps.service.AlgorithmServiceOptimized - 试错分配完成，耗时: 1ms, 分配数: 20
12:06:39.678 [main] INFO PERFORMANCE - === 性能指标 ===
12:06:39.678 [main] INFO PERFORMANCE - 总耗时: 1ms
12:06:39.678 [main] INFO PERFORMANCE - 总分配次数: 200
12:06:39.678 [main] INFO PERFORMANCE - 缓存命中次数: 200
12:06:39.678 [main] INFO PERFORMANCE - 回溯次数: 0
12:06:39.678 [main] INFO PERFORMANCE - 缓存命中率: 100.00%
=== 多次迭代稳定性测试 ===
迭代次数: 10
平均耗时: 2ms
最大耗时: 9ms
最小耗时: 0ms
耗时波动: 450.0%
]]></system-out>
  </testcase>
</testsuite>