<?xml version="1.0" encoding="UTF-8"?>
<testsuite xmlns:xsi="http://www.w3.org/2001/XMLSchema-instance" xsi:noNamespaceSchemaLocation="https://maven.apache.org/surefire/maven-surefire-plugin/xsd/surefire-test-report-3.0.xsd" version="3.0" name="com.jinyu.aps.service.P2CoreServiceTest$MaterialExceptionTests" time="3.301" tests="9" errors="0" skipped="0" failures="0">
  <properties>
[...]
</properties>
  <testcase name="testHandleMaterialException_AdjustPlan" classname="com.jinyu.aps.service.P2CoreServiceTest$MaterialExceptionTests" time="0.272">
    <system-out><![CDATA[13:36:37.215 [main] DEBUG org.springframework.test.context.BootstrapUtils - Instantiating CacheAwareContextLoaderDelegate from class [org.springframework.test.context.cache.DefaultCacheAwareContextLoaderDelegate]
13:36:37.222 [main] DEBUG org.springframework.test.context.BootstrapUtils - Instantiating BootstrapContext using constructor [public org.springframework.test.context.support.DefaultBootstrapContext(java.lang.Class,org.springframework.test.context.CacheAwareContextLoaderDelegate)]
13:36:37.256 [main] DEBUG org.springframework.test.context.BootstrapUtils - Instantiating TestContextBootstrapper for test class [com.jinyu.aps.service.P2CoreServiceTest] from class [org.springframework.boot.test.context.SpringBootTestContextBootstrapper]
13:36:37.271 [main] INFO org.springframework.boot.test.context.SpringBootTestContextBootstrapper - Neither @ContextConfiguration nor @ContextHierarchy found for test class [com.jinyu.aps.service.P2CoreServiceTest], using SpringBootContextLoader
13:36:37.274 [main] DEBUG org.springframework.test.context.support.AbstractContextLoader - Did not detect default resource location for test class [com.jinyu.aps.service.P2CoreServiceTest]: class path resource [com/jinyu/aps/service/P2CoreServiceTest-context.xml] does not exist
13:36:37.275 [main] DEBUG org.springframework.test.context.support.AbstractContextLoader - Did not detect default resource location for test class [com.jinyu.aps.service.P2CoreServiceTest]: class path resource [com/jinyu/aps/service/P2CoreServiceTestContext.groovy] does not exist
13:36:37.275 [main] INFO org.springframework.test.context.support.AbstractContextLoader - Could not detect default resource locations for test class [com.jinyu.aps.service.P2CoreServiceTest]: no resource found for suffixes {-context.xml, Context.groovy}.
13:36:37.275 [main] DEBUG org.springframework.test.context.support.AnnotationConfigContextLoaderUtils - Ignoring class [com.jinyu.aps.service.P2CoreServiceTest$MaterialExceptionTests]; it must be static, non-private, non-final, and annotated with @Configuration to be considered a default configuration class.
13:36:37.275 [main] DEBUG org.springframework.test.context.support.AnnotationConfigContextLoaderUtils - Ignoring class [com.jinyu.aps.service.P2CoreServiceTest$ParkingConstraintTests]; it must be static, non-private, non-final, and annotated with @Configuration to be considered a default configuration class.
13:36:37.275 [main] DEBUG org.springframework.test.context.support.AnnotationConfigContextLoaderUtils - Ignoring class [com.jinyu.aps.service.P2CoreServiceTest$LeaveManagementTests]; it must be static, non-private, non-final, and annotated with @Configuration to be considered a default configuration class.
13:36:37.275 [main] INFO org.springframework.test.context.support.AnnotationConfigContextLoaderUtils - Could not detect default configuration classes for test class [com.jinyu.aps.service.P2CoreServiceTest]: P2CoreServiceTest does not declare any static, non-private, non-final, nested classes annotated with @Configuration.
13:36:37.381 [main] DEBUG org.springframework.context.annotation.ClassPathScanningCandidateComponentProvider - Identified candidate component class: file [/workspace/projects/target/classes/com/jinyu/aps/ApsFormingScheduleApplication.class]
13:36:37.382 [main] INFO org.springframework.boot.test.context.SpringBootTestContextBootstrapper - Found @SpringBootConfiguration com.jinyu.aps.ApsFormingScheduleApplication for test class com.jinyu.aps.service.P2CoreServiceTest
13:36:37.465 [main] DEBUG org.springframework.boot.test.context.SpringBootTestContextBootstrapper - @TestExecutionListeners is not present for class [com.jinyu.aps.service.P2CoreServiceTest]: using defaults.
13:36:37.466 [main] INFO org.springframework.boot.test.context.SpringBootTestContextBootstrapper - Loaded default TestExecutionListener class names from location [META-INF/spring.factories]: [org.springframework.boot.test.mock.mockito.MockitoTestExecutionListener, org.springframework.boot.test.mock.mockito.ResetMocksTestExecutionListener, org.springframework.boot.test.autoconfigure.restdocs.RestDocsTestExecutionListener, org.springframework.boot.test.autoconfigure.web.client.MockRestServiceServerResetTestExecutionListener, org.springframework.boot.test.autoconfigure.web.servlet.MockMvcPrintOnlyOnFailureTestExecutionListener, org.springframework.boot.test.autoconfigure.web.servlet.WebDriverTestExecutionListener, org.springframework.boot.test.autoconfigure.webservices.client.MockWebServiceServerTestExecutionListener, org.springframework.test.context.web.ServletTestExecutionListener, org.springframework.test.context.support.DirtiesContextBeforeModesTestExecutionListener, org.springframework.test.context.event.ApplicationEventsTestExecutionListener, org.springframework.test.context.support.DependencyInjectionTestExecutionListener, org.springframework.test.context.support.DirtiesContextTestExecutionListener, org.springframework.test.context.transaction.TransactionalTestExecutionListener, org.springframework.test.context.jdbc.SqlScriptsTestExecutionListener, org.springframework.test.context.event.EventPublishingTestExecutionListener]
13:36:37.481 [main] INFO org.springframework.boot.test.context.SpringBootTestContextBootstrapper - Using TestExecutionListeners: [org.springframework.test.context.web.ServletTestExecutionListener@2f4205be, org.springframework.test.context.support.DirtiesContextBeforeModesTestExecutionListener@54e22bdd, org.springframework.test.context.event.ApplicationEventsTestExecutionListener@3bd418e4, org.springframework.boot.test.mock.mockito.MockitoTestExecutionListener@544820b7, org.springframework.boot.test.autoconfigure.SpringBootDependencyInjectionTestExecutionListener@6b98a075, org.springframework.test.context.support.DirtiesContextTestExecutionListener@2e61d218, org.springframework.test.context.transaction.TransactionalTestExecutionListener@3569fc08, org.springframework.test.context.jdbc.SqlScriptsTestExecutionListener@20b12f8a, org.springframework.test.context.event.EventPublishingTestExecutionListener@e84a8e1, org.springframework.boot.test.mock.mockito.ResetMocksTestExecutionListener@2e554a3b, org.springframework.boot.test.autoconfigure.restdocs.RestDocsTestExecutionListener@54a67a45, org.springframework.boot.test.autoconfigure.web.client.MockRestServiceServerResetTestExecutionListener@7d42c224, org.springframework.boot.test.autoconfigure.web.servlet.MockMvcPrintOnlyOnFailureTestExecutionListener@56aaaecd, org.springframework.boot.test.autoconfigure.web.servlet.WebDriverTestExecutionListener@522a32b1, org.springframework.boot.test.autoconfigure.webservices.client.MockWebServiceServerTestExecutionListener@35390ee3]
13:36:37.484 [main] DEBUG org.springframework.test.context.support.AbstractDirtiesContextTestExecutionListener - Before test class: context [DefaultTestContext@68044f4 testClass = P2CoreServiceTest, testInstance = [null], testMethod = [null], testException = [null], mergedContextConfiguration = [WebMergedContextConfiguration@52d239ba testClass = P2CoreServiceTest, locations = '{}', classes = '{class com.jinyu.aps.ApsFormingScheduleApplication}', contextInitializerClasses = '[]', activeProfiles = '{test}', propertySourceLocations = '{}', propertySourceProperties = '{org.springframework.boot.test.context.SpringBootTestContextBootstrapper=true}', contextCustomizers = set[org.springframework.boot.test.context.filter.ExcludeFilterContextCustomizer@27912e3, org.springframework.boot.test.json.DuplicateJsonObjectContextCustomizerFactory$DuplicateJsonObjectContextCustomizer@30b6ffe0, org.springframework.boot.test.mock.mockito.MockitoContextCustomizer@0, org.springframework.boot.test.web.client.TestRestTemplateContextCustomizer@72ef8d15, org.springframework.boot.test.autoconfigure.actuate.metrics.MetricsExportContextCustomizerFactory$DisableMetricExportContextCustomizer@1df8b5b8, org.springframework.boot.test.autoconfigure.properties.PropertyMappingContextCustomizer@0, org.springframework.boot.test.autoconfigure.web.servlet.WebDriverContextCustomizerFactory$Customizer@bb9e6dc, org.springframework.boot.test.context.SpringBootTestArgs@1, org.springframework.boot.test.context.SpringBootTestWebEnvironment@105fece7], resourceBasePath = 'src/main/webapp', contextLoader = 'org.springframework.boot.test.context.SpringBootContextLoader', parent = [null]], attributes = map['org.springframework.test.context.web.ServletTestExecutionListener.activateListener' -> true]], class annotated with @DirtiesContext [false] with mode [null].
13:36:37.486 [main] DEBUG org.springframework.test.context.BootstrapUtils - Instantiating CacheAwareContextLoaderDelegate from class [org.springframework.test.context.cache.DefaultCacheAwareContextLoaderDelegate]
13:36:37.486 [main] DEBUG org.springframework.test.context.BootstrapUtils - Instantiating BootstrapContext using constructor [public org.springframework.test.context.support.DefaultBootstrapContext(java.lang.Class,org.springframework.test.context.CacheAwareContextLoaderDelegate)]
13:36:37.488 [main] DEBUG org.springframework.test.context.BootstrapUtils - Instantiating TestContextBootstrapper for test class [com.jinyu.aps.service.P2CoreServiceTest$MaterialExceptionTests] from class [org.springframework.boot.test.context.SpringBootTestContextBootstrapper]
13:36:37.488 [main] INFO org.springframework.boot.test.context.SpringBootTestContextBootstrapper - Neither @ContextConfiguration nor @ContextHierarchy found for test class [com.jinyu.aps.service.P2CoreServiceTest$MaterialExceptionTests], using SpringBootContextLoader
13:36:37.489 [main] DEBUG org.springframework.test.context.support.AbstractContextLoader - Did not detect default resource location for test class [com.jinyu.aps.service.P2CoreServiceTest$MaterialExceptionTests]: class path resource [com/jinyu/aps/service/P2CoreServiceTest$MaterialExceptionTests-context.xml] does not exist
13:36:37.489 [main] DEBUG org.springframework.test.context.support.AbstractContextLoader - Did not detect default resource location for test class [com.jinyu.aps.service.P2CoreServiceTest$MaterialExceptionTests]: class path resource [com/jinyu/aps/service/P2CoreServiceTest$MaterialExceptionTestsContext.groovy] does not exist
13:36:37.489 [main] INFO org.springframework.test.context.support.AbstractContextLoader - Could not detect default resource locations for test class [com.jinyu.aps.service.P2CoreServiceTest$MaterialExceptionTests]: no resource found for suffixes {-context.xml, Context.groovy}.
13:36:37.489 [main] INFO org.springframework.test.context.support.AnnotationConfigContextLoaderUtils - Could not detect default configuration classes for test class [com.jinyu.aps.service.P2CoreServiceTest$MaterialExceptionTests]: MaterialExceptionTests does not declare any static, non-private, non-final, nested classes annotated with @Configuration.
13:36:37.493 [main] INFO org.springframework.boot.test.context.SpringBootTestContextBootstrapper - Found @SpringBootConfiguration com.jinyu.aps.ApsFormingScheduleApplication for test class com.jinyu.aps.service.P2CoreServiceTest$MaterialExceptionTests
13:36:37.495 [main] DEBUG org.springframework.boot.test.context.SpringBootTestContextBootstrapper - @TestExecutionListeners is not present for class [com.jinyu.aps.service.P2CoreServiceTest$MaterialExceptionTests]: using defaults.
13:36:37.495 [main] INFO org.springframework.boot.test.context.SpringBootTestContextBootstrapper - Loaded default TestExecutionListener class names from location [META-INF/spring.factories]: [org.springframework.boot.test.mock.mockito.MockitoTestExecutionListener, org.springframework.boot.test.mock.mockito.ResetMocksTestExecutionListener, org.springframework.boot.test.autoconfigure.restdocs.RestDocsTestExecutionListener, org.springframework.boot.test.autoconfigure.web.client.MockRestServiceServerResetTestExecutionListener, org.springframework.boot.test.autoconfigure.web.servlet.MockMvcPrintOnlyOnFailureTestExecutionListener, org.springframework.boot.test.autoconfigure.web.servlet.WebDriverTestExecutionListener, org.springframework.boot.test.autoconfigure.webservices.client.MockWebServiceServerTestExecutionListener, org.springframework.test.context.web.ServletTestExecutionListener, org.springframework.test.context.support.DirtiesContextBeforeModesTestExecutionListener, org.springframework.test.context.event.ApplicationEventsTestExecutionListener, org.springframework.test.context.support.DependencyInjectionTestExecutionListener, org.springframework.test.context.support.DirtiesContextTestExecutionListener, org.springframework.test.context.transaction.TransactionalTestExecutionListener, org.springframework.test.context.jdbc.SqlScriptsTestExecutionListener, org.springframework.test.context.event.EventPublishingTestExecutionListener]
13:36:37.495 [main] INFO org.springframework.boot.test.context.SpringBootTestContextBootstrapper - Using TestExecutionListeners: [org.springframework.test.context.web.ServletTestExecutionListener@5b529706, org.springframework.test.context.support.DirtiesContextBeforeModesTestExecutionListener@63fdab07, org.springframework.test.context.event.ApplicationEventsTestExecutionListener@7b5a12ae, org.springframework.boot.test.mock.mockito.MockitoTestExecutionListener@5553d0f5, org.springframework.boot.test.autoconfigure.SpringBootDependencyInjectionTestExecutionListener@1af687fe, org.springframework.test.context.support.DirtiesContextTestExecutionListener@14dda234, org.springframework.test.context.transaction.TransactionalTestExecutionListener@3f390d63, org.springframework.test.context.jdbc.SqlScriptsTestExecutionListener@74a6a609, org.springframework.test.context.event.EventPublishingTestExecutionListener@5a411614, org.springframework.boot.test.mock.mockito.ResetMocksTestExecutionListener@2374d36a, org.springframework.boot.test.autoconfigure.restdocs.RestDocsTestExecutionListener@54d18072, org.springframework.boot.test.autoconfigure.web.client.MockRestServiceServerResetTestExecutionListener@1506f20f, org.springframework.boot.test.autoconfigure.web.servlet.MockMvcPrintOnlyOnFailureTestExecutionListener@47a5b70d, org.springframework.boot.test.autoconfigure.web.servlet.WebDriverTestExecutionListener@424fd310, org.springframework.boot.test.autoconfigure.webservices.client.MockWebServiceServerTestExecutionListener@1a45193b]
13:36:37.495 [main] DEBUG org.springframework.test.context.support.AbstractDirtiesContextTestExecutionListener - Before test class: context [DefaultTestContext@38f116f6 testClass = P2CoreServiceTest.MaterialExceptionTests, testInstance = [null], testMethod = [null], testException = [null], mergedContextConfiguration = [WebMergedContextConfiguration@5286c33a testClass = P2CoreServiceTest.MaterialExceptionTests, locations = '{}', classes = '{class com.jinyu.aps.ApsFormingScheduleApplication}', contextInitializerClasses = '[]', activeProfiles = '{test}', propertySourceLocations = '{}', propertySourceProperties = '{org.springframework.boot.test.context.SpringBootTestContextBootstrapper=true}', contextCustomizers = set[org.springframework.boot.test.context.filter.ExcludeFilterContextCustomizer@27912e3, org.springframework.boot.test.json.DuplicateJsonObjectContextCustomizerFactory$DuplicateJsonObjectContextCustomizer@30b6ffe0, org.springframework.boot.test.mock.mockito.MockitoContextCustomizer@0, org.springframework.boot.test.web.client.TestRestTemplateContextCustomizer@72ef8d15, org.springframework.boot.test.autoconfigure.actuate.metrics.MetricsExportContextCustomizerFactory$DisableMetricExportContextCustomizer@1df8b5b8, org.springframework.boot.test.autoconfigure.properties.PropertyMappingContextCustomizer@0, org.springframework.boot.test.autoconfigure.web.servlet.WebDriverContextCustomizerFactory$Customizer@bb9e6dc, org.springframework.boot.test.context.SpringBootTestArgs@1, org.springframework.boot.test.context.SpringBootTestWebEnvironment@105fece7], resourceBasePath = 'src/main/webapp', contextLoader = 'org.springframework.boot.test.context.SpringBootContextLoader', parent = [null]], attributes = map['org.springframework.test.context.web.ServletTestExecutionListener.activateListener' -> true]], class annotated with @DirtiesContext [false] with mode [null].

  .   ____          _            __ _ _
 /\\ / ___'_ __ _ _(_)_ __  __ _ \ \ \ \
( ( )\___ | '_ | '_| | '_ \/ _` | \ \ \ \
 \\/  ___)| |_)| | | | | || (_| |  ) ) ) )
  '  |____| .__|_| |_|_| |_\__, | / / / /
 =========|_|==============|___/=/_/_/_/
 :: Spring Boot ::               (v2.7.18)

13:36:37.878 [main] INFO  c.j.aps.service.P2CoreServiceTest - Starting P2CoreServiceTest using Java 11.0.30 on vefaas-j5tcivm6-o0kgyyuo2y-d6vlvlg38h61k6o4tts0-sandbox with PID 14497 (started by root in /workspace/projects)
13:36:37.879 [main] DEBUG c.j.aps.service.P2CoreServiceTest - Running with Spring Boot v2.7.18, Spring v5.3.31
13:36:37.879 [main] INFO  c.j.aps.service.P2CoreServiceTest - The following 1 profile is active: "test"
Logging initialized using 'class org.apache.ibatis.logging.stdout.StdOutImpl' adapter.
Registered plugin: 'com.baomidou.mybatisplus.extension.plugins.MybatisPlusInterceptor@2e7bf7b7'
Property 'mapperLocations' was not specified.
 _ _   |_  _ _|_. ___ _ |    _ 
| | |\/|_)(_| | |_\  |_)||_|_\ 
     /               |         
                        3.5.3.1 
13:36:40.473 [main] INFO  c.j.aps.service.P2CoreServiceTest - Started P2CoreServiceTest in 2.953 seconds (JVM running for 4.402)
13:36:40.759 [main] INFO  com.jinyu.aps.service.P2CoreService - 任务 1 计划量调整为 70
]]></system-out>
  </testcase>
  <testcase name="testHandleMaterialException_Skipped" classname="com.jinyu.aps.service.P2CoreServiceTest$MaterialExceptionTests" time="0.003">
    <system-out><![CDATA[13:36:40.767 [main] WARN  com.jinyu.aps.service.P2CoreService - 任务 1 因材料异常 null 被取消
]]></system-out>
  </testcase>
  <testcase name="testGenerateExceptionAlerts" classname="com.jinyu.aps.service.P2CoreServiceTest$MaterialExceptionTests" time="0.001"/>
  <testcase name="testHandleMaterialException_Substituted" classname="com.jinyu.aps.service.P2CoreServiceTest$MaterialExceptionTests" time="0.002">
    <system-out><![CDATA[13:36:40.773 [main] INFO  com.jinyu.aps.service.P2CoreService - 任务 1 材料从 MAT-001 替换为 MAT-001-SUB
]]></system-out>
  </testcase>
  <testcase name="testGetSubstituteMaterial" classname="com.jinyu.aps.service.P2CoreServiceTest$MaterialExceptionTests" time="0.002"/>
  <testcase name="testHandleMaterialException_Normal" classname="com.jinyu.aps.service.P2CoreServiceTest$MaterialExceptionTests" time="0.002"/>
  <testcase name="testGetExceptionStatistics" classname="com.jinyu.aps.service.P2CoreServiceTest$MaterialExceptionTests" time="0.003"/>
  <testcase name="testGetActiveExceptions" classname="com.jinyu.aps.service.P2CoreServiceTest$MaterialExceptionTests" time="0.002"/>
  <testcase name="testHasMaterialException" classname="com.jinyu.aps.service.P2CoreServiceTest$MaterialExceptionTests" time="0.002"/>
</testsuite>